<testsuites id="" name="" tests="49" failures="40" skipped="0" errors="0" time="111.960128">
<testsuite name="search-navigation-patterns-corrected.spec.ts" timestamp="2025-07-12T04:24:43.291Z" hostname="chromium" tests="7" failures="4" skipped="0" time="138.005" errors="0">
<testcase name="Search Functionality After Navigation Patterns - Corrected › should search immediately after page load" classname="search-navigation-patterns-corrected.spec.ts" time="28.958">
<failure message="search-navigation-patterns-corrected.spec.ts:21:7 should search immediately after page load" type="FAILURE">
<![CDATA[  [chromium] › search-navigation-patterns-corrected.spec.ts:21:7 › Search Functionality After Navigation Patterns - Corrected › should search immediately after page load 

    Error: Timed out 10000ms waiting for expect(locator).toHaveValue(expected)

    Locator: locator('input').first()
    Expected string: "東京"
    Received string: ""
    Call log:
      - Expect "toHaveValue" with timeout 10000ms
      - waiting for locator('input').first()
        14 × locator resolved to <input value="" id=":rk:" type="text" role="combobox" autocomplete="off" spellcheck="false" aria-invalid="false" aria-expanded="false" autocapitalize="none" aria-autocomplete="list" placeholder="例: 日本建築学会賞、隈研吾、美術館、東京都、1990" class="MuiInputBase-input MuiOutlinedInput-input MuiInputBase-inputAdornedStart MuiInputBase-inputAdornedEnd MuiAutocomplete-input MuiAutocomplete-inputFocused css-92iazb"/>
           - unexpected value ""


      47 |     
      48 |     // Verify search input retains value
    > 49 |     await expect(searchInput).toHaveValue('東京');
         |                               ^
      50 |     
      51 |     console.log('✅ Search immediately after page load completed');
      52 |     
        at /Users/homeserver/ai-creative-team/archi-site/tests/e2e/search-navigation-patterns-corrected.spec.ts:49:31

    attachment #1: screenshot (image/png) ──────────────────────────────────────────────────────────
    playwright-results/artifacts/search-navigation-patterns-4f7ef-immediately-after-page-load-chromium/test-failed-1.png
    ────────────────────────────────────────────────────────────────────────────────────────────────

    Error Context: ../../playwright-results/artifacts/search-navigation-patterns-4f7ef-immediately-after-page-load-chromium/error-context.md

    Retry #1 ───────────────────────────────────────────────────────────────────────────────────────

    Error: Timed out 10000ms waiting for expect(locator).toHaveValue(expected)

    Locator: locator('input').first()
    Expected string: "東京"
    Received string: ""
    Call log:
      - Expect "toHaveValue" with timeout 10000ms
      - waiting for locator('input').first()
        14 × locator resolved to <input value="" id=":rk:" type="text" role="combobox" autocomplete="off" spellcheck="false" aria-invalid="false" aria-expanded="false" autocapitalize="none" aria-autocomplete="list" placeholder="例: 日本建築学会賞、隈研吾、美術館、東京都、1990" class="MuiInputBase-input MuiOutlinedInput-input MuiInputBase-inputAdornedStart MuiInputBase-inputAdornedEnd MuiAutocomplete-input MuiAutocomplete-inputFocused css-92iazb"/>
           - unexpected value ""


      47 |     
      48 |     // Verify search input retains value
    > 49 |     await expect(searchInput).toHaveValue('東京');
         |                               ^
      50 |     
      51 |     console.log('✅ Search immediately after page load completed');
      52 |     
        at /Users/homeserver/ai-creative-team/archi-site/tests/e2e/search-navigation-patterns-corrected.spec.ts:49:31

    attachment #1: screenshot (image/png) ──────────────────────────────────────────────────────────
    playwright-results/artifacts/search-navigation-patterns-4f7ef-immediately-after-page-load-chromium-retry1/test-failed-1.png
    ────────────────────────────────────────────────────────────────────────────────────────────────

    attachment #2: video (video/webm) ──────────────────────────────────────────────────────────────
    playwright-results/artifacts/search-navigation-patterns-4f7ef-immediately-after-page-load-chromium-retry1/video.webm
    ────────────────────────────────────────────────────────────────────────────────────────────────

    Error Context: ../../playwright-results/artifacts/search-navigation-patterns-4f7ef-immediately-after-page-load-chromium-retry1/error-context.md

    attachment #4: trace (application/zip) ─────────────────────────────────────────────────────────
    playwright-results/artifacts/search-navigation-patterns-4f7ef-immediately-after-page-load-chromium-retry1/trace.zip
    Usage:

        npx playwright show-trace playwright-results/artifacts/search-navigation-patterns-4f7ef-immediately-after-page-load-chromium-retry1/trace.zip

    ────────────────────────────────────────────────────────────────────────────────────────────────
]]>
</failure>
<system-out>
<![CDATA[🔍 Testing search immediately after page load...
✅ Search input found and visible
URL after search: http://localhost:4173/archi-site/#/architecture?search=%E6%9D%B1%E4%BA%AC
🔍 Testing search immediately after page load...
✅ Search input found and visible
URL after search: http://localhost:4173/archi-site/#/architecture?search=%E6%9D%B1%E4%BA%AC
]]>
</system-out>
<system-err>
<![CDATA[
Warning: attachment artifacts/search-navigation-patterns-4f7ef-immediately-after-page-load-chromium/test-failed-1.png is missing
Warning: attachment artifacts/search-navigation-patterns-4f7ef-immediately-after-page-load-chromium/error-context.md is missing
Warning: attachment artifacts/search-navigation-patterns-4f7ef-immediately-after-page-load-chromium-retry1/test-failed-1.png is missing
Warning: attachment artifacts/search-navigation-patterns-4f7ef-immediately-after-page-load-chromium-retry1/video.webm is missing
Warning: attachment artifacts/search-navigation-patterns-4f7ef-immediately-after-page-load-chromium-retry1/error-context.md is missing
Warning: attachment artifacts/search-navigation-patterns-4f7ef-immediately-after-page-load-chromium-retry1/trace.zip is missing]]>
</system-err>
</testcase>
<testcase name="Search Functionality After Navigation Patterns - Corrected › should search after interacting with navigation elements" classname="search-navigation-patterns-corrected.spec.ts" time="31.167">
<failure message="search-navigation-patterns-corrected.spec.ts:62:7 should search after interacting with navigation elements" type="FAILURE">
<![CDATA[  [chromium] › search-navigation-patterns-corrected.spec.ts:62:7 › Search Functionality After Navigation Patterns - Corrected › should search after interacting with navigation elements 

    Error: Timed out 10000ms waiting for expect(locator).toHaveValue(expected)

    Locator: locator('input').first()
    Expected string: "ナビゲーション後検索"
    Received string: ""
    Call log:
      - Expect "toHaveValue" with timeout 10000ms
      - waiting for locator('input').first()
        14 × locator resolved to <input value="" id=":rk:" type="text" role="combobox" autocomplete="off" spellcheck="false" aria-invalid="false" aria-expanded="false" autocapitalize="none" aria-autocomplete="list" placeholder="例: 日本建築学会賞、隈研吾、美術館、東京都、1990" class="MuiInputBase-input MuiOutlinedInput-input MuiInputBase-inputAdornedStart MuiInputBase-inputAdornedEnd MuiAutocomplete-input MuiAutocomplete-inputFocused css-92iazb"/>
           - unexpected value ""


       95 |       
       96 |       // Verify search worked
    >  97 |       await expect(searchInput).toHaveValue('ナビゲーション後検索');
          |                                 ^
       98 |       console.log('✅ Search after navigation interaction successful');
       99 |     } else {
      100 |       console.log('❌ Search input not available after navigation');
        at /Users/homeserver/ai-creative-team/archi-site/tests/e2e/search-navigation-patterns-corrected.spec.ts:97:33

    attachment #1: screenshot (image/png) ──────────────────────────────────────────────────────────
    playwright-results/artifacts/search-navigation-patterns-bc04a-ng-with-navigation-elements-chromium/test-failed-1.png
    ────────────────────────────────────────────────────────────────────────────────────────────────

    attachment #2: video (video/webm) ──────────────────────────────────────────────────────────────
    playwright-results/artifacts/search-navigation-patterns-bc04a-ng-with-navigation-elements-chromium/video.webm
    ────────────────────────────────────────────────────────────────────────────────────────────────

    Error Context: ../../playwright-results/artifacts/search-navigation-patterns-bc04a-ng-with-navigation-elements-chromium/error-context.md

    Retry #1 ───────────────────────────────────────────────────────────────────────────────────────

    Error: Timed out 10000ms waiting for expect(locator).toHaveValue(expected)

    Locator: locator('input').first()
    Expected string: "ナビゲーション後検索"
    Received string: ""
    Call log:
      - Expect "toHaveValue" with timeout 10000ms
      - waiting for locator('input').first()
        14 × locator resolved to <input value="" id=":rk:" type="text" role="combobox" autocomplete="off" spellcheck="false" aria-invalid="false" aria-expanded="false" autocapitalize="none" aria-autocomplete="list" placeholder="例: 日本建築学会賞、隈研吾、美術館、東京都、1990" class="MuiInputBase-input MuiOutlinedInput-input MuiInputBase-inputAdornedStart MuiInputBase-inputAdornedEnd MuiAutocomplete-input MuiAutocomplete-inputFocused css-92iazb"/>
           - unexpected value ""


       95 |       
       96 |       // Verify search worked
    >  97 |       await expect(searchInput).toHaveValue('ナビゲーション後検索');
          |                                 ^
       98 |       console.log('✅ Search after navigation interaction successful');
       99 |     } else {
      100 |       console.log('❌ Search input not available after navigation');
        at /Users/homeserver/ai-creative-team/archi-site/tests/e2e/search-navigation-patterns-corrected.spec.ts:97:33

    Error: browserContext._wrapApiCall: ENOENT: no such file or directory, open '/Users/homeserver/ai-creative-team/archi-site/playwright-results/artifacts/.playwright-artifacts-6/traces/501254faee8a44a9b3a2-8caad765ee4397efa9b2-retry1.trace'

    Error: ENOENT: no such file or directory, open '/Users/homeserver/ai-creative-team/archi-site/playwright-results/artifacts/.playwright-artifacts-6/a229d66037b1e10257ac035458559143.zip'

    Test timeout of 60000ms exceeded.

    attachment #1: screenshot (image/png) ──────────────────────────────────────────────────────────
    playwright-results/artifacts/search-navigation-patterns-bc04a-ng-with-navigation-elements-chromium-retry1/test-failed-1.png
    ────────────────────────────────────────────────────────────────────────────────────────────────

    Error Context: ../../playwright-results/artifacts/search-navigation-patterns-bc04a-ng-with-navigation-elements-chromium-retry1/error-context.md
]]>
</failure>
<system-out>
<![CDATA[🔍 Testing search after navigation interaction...
Found 4 buttons on the page
Clicking button: ""
✅ Button clicked successfully
🔍 Testing search after navigation interaction...
Found 4 buttons on the page
Clicking button: ""
✅ Button clicked successfully
]]>
</system-out>
<system-err>
<![CDATA[
Warning: attachment artifacts/search-navigation-patterns-bc04a-ng-with-navigation-elements-chromium/test-failed-1.png is missing
Warning: attachment artifacts/search-navigation-patterns-bc04a-ng-with-navigation-elements-chromium/video.webm is missing
Warning: attachment artifacts/search-navigation-patterns-bc04a-ng-with-navigation-elements-chromium/error-context.md is missing
Warning: attachment artifacts/search-navigation-patterns-bc04a-ng-with-navigation-elements-chromium-retry1/test-failed-1.png is missing
Warning: attachment artifacts/search-navigation-patterns-bc04a-ng-with-navigation-elements-chromium-retry1/error-context.md is missing]]>
</system-err>
</testcase>
<testcase name="Search Functionality After Navigation Patterns - Corrected › should search after navigating away and back" classname="search-navigation-patterns-corrected.spec.ts" time="33.632">
<failure message="search-navigation-patterns-corrected.spec.ts:104:7 should search after navigating away and back" type="FAILURE">
<![CDATA[  [chromium] › search-navigation-patterns-corrected.spec.ts:104:7 › Search Functionality After Navigation Patterns - Corrected › should search after navigating away and back 

    Error: Timed out 10000ms waiting for expect(locator).toHaveValue(expected)

    Locator: locator('input').first()
    Expected string: "戻り後検索"
    Received string: ""
    Call log:
      - Expect "toHaveValue" with timeout 10000ms
      - waiting for locator('input').first()
        14 × locator resolved to <input value="" id=":rk:" type="text" role="combobox" autocomplete="off" spellcheck="false" aria-invalid="false" aria-expanded="false" autocapitalize="none" aria-autocomplete="list" placeholder="例: 日本建築学会賞、隈研吾、美術館、東京都、1990" class="MuiInputBase-input MuiOutlinedInput-input MuiInputBase-inputAdornedStart MuiInputBase-inputAdornedEnd MuiAutocomplete-input MuiAutocomplete-inputFocused css-92iazb"/>
           - unexpected value ""


      141 |     await page.waitForTimeout(1000);
      142 |     
    > 143 |     await expect(searchInputAfterReturn).toHaveValue('戻り後検索');
          |                                          ^
      144 |     
      145 |     console.log('✅ Search after navigation away and back successful');
      146 |     
        at /Users/homeserver/ai-creative-team/archi-site/tests/e2e/search-navigation-patterns-corrected.spec.ts:143:42

    attachment #1: screenshot (image/png) ──────────────────────────────────────────────────────────
    playwright-results/artifacts/search-navigation-patterns-36a95-er-navigating-away-and-back-chromium/test-failed-1.png
    ────────────────────────────────────────────────────────────────────────────────────────────────

    attachment #2: video (video/webm) ──────────────────────────────────────────────────────────────
    playwright-results/artifacts/search-navigation-patterns-36a95-er-navigating-away-and-back-chromium/video.webm
    ────────────────────────────────────────────────────────────────────────────────────────────────

    Error Context: ../../playwright-results/artifacts/search-navigation-patterns-36a95-er-navigating-away-and-back-chromium/error-context.md

    Retry #1 ───────────────────────────────────────────────────────────────────────────────────────

    Error: Timed out 10000ms waiting for expect(locator).toHaveValue(expected)

    Locator: locator('input').first()
    Expected string: "戻り後検索"
    Received string: ""
    Call log:
      - Expect "toHaveValue" with timeout 10000ms
      - waiting for locator('input').first()
        14 × locator resolved to <input value="" id=":rk:" type="text" role="combobox" autocomplete="off" spellcheck="false" aria-invalid="false" aria-expanded="false" autocapitalize="none" aria-autocomplete="list" placeholder="例: 日本建築学会賞、隈研吾、美術館、東京都、1990" class="MuiInputBase-input MuiOutlinedInput-input MuiInputBase-inputAdornedStart MuiInputBase-inputAdornedEnd MuiAutocomplete-input MuiAutocomplete-inputFocused css-92iazb"/>
           - unexpected value ""


      141 |     await page.waitForTimeout(1000);
      142 |     
    > 143 |     await expect(searchInputAfterReturn).toHaveValue('戻り後検索');
          |                                          ^
      144 |     
      145 |     console.log('✅ Search after navigation away and back successful');
      146 |     
        at /Users/homeserver/ai-creative-team/archi-site/tests/e2e/search-navigation-patterns-corrected.spec.ts:143:42

    Error: browserContext._wrapApiCall: ENOENT: no such file or directory, open '/Users/homeserver/ai-creative-team/archi-site/playwright-results/artifacts/.playwright-artifacts-9/traces/501254faee8a44a9b3a2-82574b734d2071cdfbd1-retry1.trace'

    Error: ENOENT: no such file or directory, open '/Users/homeserver/ai-creative-team/archi-site/playwright-results/artifacts/.playwright-artifacts-9/03d57306d9648244942bfcadcbcc218f.zip'

    Test timeout of 60000ms exceeded.

    attachment #1: screenshot (image/png) ──────────────────────────────────────────────────────────
    playwright-results/artifacts/search-navigation-patterns-36a95-er-navigating-away-and-back-chromium-retry1/test-failed-1.png
    ────────────────────────────────────────────────────────────────────────────────────────────────

    Error Context: ../../playwright-results/artifacts/search-navigation-patterns-36a95-er-navigating-away-and-back-chromium-retry1/error-context.md
]]>
</failure>
<system-out>
<![CDATA[🔍 Testing search after navigating away and back...
Performed initial search
Navigated away to /about
Navigated back to home page
🔍 Testing search after navigating away and back...
Performed initial search
Navigated away to /about
Navigated back to home page

[[ATTACHMENT|artifacts/search-navigation-patterns-36a95-er-navigating-away-and-back-chromium-retry1/test-failed-1.png]]

[[ATTACHMENT|artifacts/search-navigation-patterns-36a95-er-navigating-away-and-back-chromium-retry1/error-context.md]]
]]>
</system-out>
<system-err>
<![CDATA[
Warning: attachment artifacts/search-navigation-patterns-36a95-er-navigating-away-and-back-chromium/test-failed-1.png is missing
Warning: attachment artifacts/search-navigation-patterns-36a95-er-navigating-away-and-back-chromium/video.webm is missing
Warning: attachment artifacts/search-navigation-patterns-36a95-er-navigating-away-and-back-chromium/error-context.md is missing]]>
</system-err>
</testcase>
<testcase name="Search Functionality After Navigation Patterns - Corrected › should search after browser refresh" classname="search-navigation-patterns-corrected.spec.ts" time="11.893">
<system-out>
<![CDATA[🔍 Testing search after browser refresh...
Performed initial search
URL before refresh: http://localhost:4173/archi-site/#/architecture?search=%E3%83%AA%E3%83%95%E3%83%AC%E3%83%83%E3%82%B7%E3%83%A5%E5%89%8D%E6%A4%9C%E7%B4%A2
Browser refreshed
URL after refresh: http://localhost:4173/archi-site/#/architecture?search=%E3%83%AA%E3%83%95%E3%83%AC%E3%83%83%E3%82%B7%E3%83%A5%E5%89%8D%E6%A4%9C%E7%B4%A2
✅ Search after browser refresh successful
❌ Errors after browser refresh: [
  [32m'Console Error: Failed to load resource: the server responded with a status of 404 (Not Found)'[39m,
  [32m'Console Error: ❌ Failed to load page 39: TypeError: Failed to fetch\n'[39m +
    [32m'    at _A.loadPage (http://localhost:4173/archi-site/assets/index-B6bb_xR3.js:2:108987)\n'[39m +
    [32m'    at _A.getResearchAnalytics (http://localhost:4173/archi-site/assets/index-B6bb_xR3.js:2:113155)\n'[39m +
    [32m'    at async http://localhost:4173/archi-site/assets/index-B6bb_xR3.js:50:3831'[39m,
  [32m'Console Error: ❌ getResearchAnalytics error: TypeError: Failed to fetch\n'[39m +
    [32m'    at _A.loadPage (http://localhost:4173/archi-site/assets/index-B6bb_xR3.js:2:108987)\n'[39m +
    [32m'    at _A.getResearchAnalytics (http://localhost:4173/archi-site/assets/index-B6bb_xR3.js:2:113155)\n'[39m +
    [32m'    at async http://localhost:4173/archi-site/assets/index-B6bb_xR3.js:50:3831'[39m,
  [32m'Console Error: 初期データ取得エラー: TypeError: Failed to fetch\n'[39m +
    [32m'    at _A.loadPage (http://localhost:4173/archi-site/assets/index-B6bb_xR3.js:2:108987)\n'[39m +
    [32m'    at _A.getResearchAnalytics (http://localhost:4173/archi-site/assets/index-B6bb_xR3.js:2:113155)\n'[39m +
    [32m'    at async http://localhost:4173/archi-site/assets/index-B6bb_xR3.js:50:3831'[39m,
  [32m'Console Error: Failed to load resource: the server responded with a status of 404 (Not Found)'[39m
]
]]>
</system-out>
</testcase>
<testcase name="Search Functionality After Navigation Patterns - Corrected › should search with different input methods" classname="search-navigation-patterns-corrected.spec.ts" time="25.955">
<failure message="search-navigation-patterns-corrected.spec.ts:198:7 should search with different input methods" type="FAILURE">
<![CDATA[  [chromium] › search-navigation-patterns-corrected.spec.ts:198:7 › Search Functionality After Navigation Patterns - Corrected › should search with different input methods 

    Error: Timed out 10000ms waiting for expect(locator).toHaveValue(expected)

    Locator: locator('input').first()
    Expected string: "エンターキー検索"
    Received string: ""
    Call log:
      - Expect "toHaveValue" with timeout 10000ms
      - waiting for locator('input').first()
        14 × locator resolved to <input value="" id=":rk:" type="text" role="combobox" autocomplete="off" spellcheck="false" aria-invalid="false" aria-expanded="false" autocapitalize="none" aria-autocomplete="list" placeholder="例: 日本建築学会賞、隈研吾、美術館、東京都、1990" class="MuiInputBase-input MuiOutlinedInput-input MuiInputBase-inputAdornedStart MuiInputBase-inputAdornedEnd MuiAutocomplete-input MuiAutocomplete-inputFocused css-92iazb"/>
           - unexpected value ""


      209 |     await searchInput.press('Enter');
      210 |     await page.waitForTimeout(1000);
    > 211 |     await expect(searchInput).toHaveValue('エンターキー検索');
          |                               ^
      212 |     
      213 |     // Test 2: Clear and type new search
      214 |     console.log('Testing clear and new search...');
        at /Users/homeserver/ai-creative-team/archi-site/tests/e2e/search-navigation-patterns-corrected.spec.ts:211:31

    attachment #1: screenshot (image/png) ──────────────────────────────────────────────────────────
    playwright-results/artifacts/search-navigation-patterns-4ba14-ith-different-input-methods-chromium/test-failed-1.png
    ────────────────────────────────────────────────────────────────────────────────────────────────

    attachment #2: video (video/webm) ──────────────────────────────────────────────────────────────
    playwright-results/artifacts/search-navigation-patterns-4ba14-ith-different-input-methods-chromium/video.webm
    ────────────────────────────────────────────────────────────────────────────────────────────────

    Error Context: ../../playwright-results/artifacts/search-navigation-patterns-4ba14-ith-different-input-methods-chromium/error-context.md

    Retry #1 ───────────────────────────────────────────────────────────────────────────────────────

    Error: Timed out 10000ms waiting for expect(locator).toHaveValue(expected)

    Locator: locator('input').first()
    Expected string: "エンターキー検索"
    Received string: ""
    Call log:
      - Expect "toHaveValue" with timeout 10000ms
      - waiting for locator('input').first()
        14 × locator resolved to <input value="" id=":rk:" type="text" role="combobox" autocomplete="off" spellcheck="false" aria-invalid="false" aria-expanded="false" autocapitalize="none" aria-autocomplete="list" placeholder="例: 日本建築学会賞、隈研吾、美術館、東京都、1990" class="MuiInputBase-input MuiOutlinedInput-input MuiInputBase-inputAdornedStart MuiInputBase-inputAdornedEnd MuiAutocomplete-input MuiAutocomplete-inputFocused css-92iazb"/>
           - unexpected value ""


      209 |     await searchInput.press('Enter');
      210 |     await page.waitForTimeout(1000);
    > 211 |     await expect(searchInput).toHaveValue('エンターキー検索');
          |                               ^
      212 |     
      213 |     // Test 2: Clear and type new search
      214 |     console.log('Testing clear and new search...');
        at /Users/homeserver/ai-creative-team/archi-site/tests/e2e/search-navigation-patterns-corrected.spec.ts:211:31

    Error: browserContext._wrapApiCall: ENOENT: no such file or directory, open '/Users/homeserver/ai-creative-team/archi-site/playwright-results/artifacts/.playwright-artifacts-7/traces/501254faee8a44a9b3a2-abd03c1b2f8e73b27568-retry1.trace'

    Error: ENOENT: no such file or directory, open '/Users/homeserver/ai-creative-team/archi-site/playwright-results/artifacts/.playwright-artifacts-7/816519c87e63d59272ccadaa21f516e0.zip'

    Test timeout of 60000ms exceeded.

    attachment #1: screenshot (image/png) ──────────────────────────────────────────────────────────
    playwright-results/artifacts/search-navigation-patterns-4ba14-ith-different-input-methods-chromium-retry1/test-failed-1.png
    ────────────────────────────────────────────────────────────────────────────────────────────────

    Error Context: ../../playwright-results/artifacts/search-navigation-patterns-4ba14-ith-different-input-methods-chromium-retry1/error-context.md
]]>
</failure>
<system-out>
<![CDATA[🔍 Testing search with different input methods...
Testing type and press Enter...
🔍 Testing search with different input methods...
Testing type and press Enter...
]]>
</system-out>
<system-err>
<![CDATA[
Warning: attachment artifacts/search-navigation-patterns-4ba14-ith-different-input-methods-chromium/test-failed-1.png is missing
Warning: attachment artifacts/search-navigation-patterns-4ba14-ith-different-input-methods-chromium/video.webm is missing
Warning: attachment artifacts/search-navigation-patterns-4ba14-ith-different-input-methods-chromium/error-context.md is missing
Warning: attachment artifacts/search-navigation-patterns-4ba14-ith-different-input-methods-chromium-retry1/test-failed-1.png is missing
Warning: attachment artifacts/search-navigation-patterns-4ba14-ith-different-input-methods-chromium-retry1/error-context.md is missing]]>
</system-err>
</testcase>
<testcase name="Search Functionality After Navigation Patterns - Corrected › should handle rapid search operations" classname="search-navigation-patterns-corrected.spec.ts" time="2.217">
<system-out>
<![CDATA[🔍 Testing rapid search operations...
Rapid search 1: 検索1
Rapid search 2: 検索2
Rapid search 3: 検索3
Rapid search 4: 検索4
Rapid search 5: 検索5
✅ Rapid search operations completed
❌ Errors during rapid searches: [
  [32m'Console Error: Failed to load resource: the server responded with a status of 404 (Not Found)'[39m
]
]]>
</system-out>
</testcase>
<testcase name="Search Functionality After Navigation Patterns - Corrected › should document search failures and issues" classname="search-navigation-patterns-corrected.spec.ts" time="4.183">
<system-out>
<![CDATA[📝 Documenting search behavior and failures...
📊 Search Behavior and Failure Analysis Report:
{
  "timestamp": "2025-07-12T04:24:59.013Z",
  "testEnvironment": "Playwright E2E",
  "applicationUrl": "about:blank",
  "searchBehaviorAnalysis": {
    "pageTitle": "建築データベース | 日本の建築作品と建築家の包括的データベース",
    "searchInputsFound": 1,
    "buttonsFound": 4,
    "pageLoadsSuccessfully": true,
    "basicSearchWorks": false,
    "searchPersistsAfterInteraction": false
  },
  "navigationIssues": [
    {
      "route": "/architecture",
      "issue": "404 Not Found",
      "impact": "Route not accessible for search testing"
    },
    {
      "route": "/architect",
      "issue": "404 Not Found",
      "impact": "Route not accessible for search testing"
    },
    {
      "route": "/map",
      "issue": "404 Not Found",
      "impact": "Route not accessible for search testing"
    }
  ],
  "searchFailures": [],
  "recommendations": [
    "Implement proper routing for all pages",
    "Add search functionality to all relevant pages",
    "Ensure search state persists across navigation",
    "Implement proper URL-based search state management",
    "Add loading states and error handling for search"
  ]
}
📄 Detailed report would be saved as search-behavior-report.md
]]>
</system-out>
</testcase>
</testsuite>
<testsuite name="search-navigation-patterns-corrected.spec.ts" timestamp="2025-07-12T04:24:43.291Z" hostname="firefox" tests="7" failures="5" skipped="0" time="130.805" errors="0">
<testcase name="Search Functionality After Navigation Patterns - Corrected › should search immediately after page load" classname="search-navigation-patterns-corrected.spec.ts" time="19.57">
<system-out>
<![CDATA[🔍 Testing search immediately after page load...
✅ Search input found and visible
URL after search: http://localhost:4173/archi-site/#/architecture?search=%E6%9D%B1%E4%BA%AC
✅ Search immediately after page load completed
❌ Errors after immediate search: [
  [32m'Console Error: [JavaScript Error: "NS_BINDING_ABORTED: " {file: "chrome://juggler/content/content/WorkerMain.js" line: 6}]'[39m,
  [32m'Console Error: [JavaScript Error: "NS_BINDING_ABORTED: " {file: "chrome://juggler/content/content/WorkerMain.js" line: 7}]'[39m,
  [32m'Console Error: ❌ Direct loading also failed: error loading dynamically imported module: http://localhost:4173/archi-site/assets/database-C_Jrbyj2.js'[39m,
  [32m'Console Error: ❌ データベース初期化エラー: Error'[39m,
  [32m'Console Error: [JavaScript Error: "NS_BINDING_ABORTED: " {file: "chrome://juggler/content/content/WorkerMain.js" line: 6}]'[39m,
  [32m'Console Error: ❌ Failed to load page 1: Error'[39m,
  [32m'Console Error: ❌ getAllArchitectures error: Error'[39m,
  [32m'Console Error: 建築作品の取得に失敗: Error'[39m,
  [32m'Console Error: ❌ Failed to load page 113: Error'[39m,
  [32m'Console Error: ❌ searchArchitectures error: Error'[39m,
  [32m'Console Error: Error fetching architectures: Error'[39m,
  [32m'Console Error: ❌ Failed to load page 4: Error'[39m,
  [32m'Console Error: ❌ getResearchAnalytics error: Error'[39m,
  [32m'Console Error: 初期データ取得エラー: Error'[39m,
  [32m'Console Error: ❌ Failed to load page 11: Error'[39m,
  [32m'Console Error: ❌ searchArchitectures error: Error'[39m,
  [32m'Console Error: Error fetching architectures: Error'[39m,
  [32m'Console Error: ❌ Failed to load page 3: Error'[39m,
  [32m'Console Error: ❌ getResearchAnalytics error: Error'[39m,
  [32m'Console Error: 初期データ取得エラー: Error'[39m,
  [32m'Console Error: ❌ Failed to load page 20: Error'[39m,
  [32m'Console Error: ❌ searchArchitectures error: Error'[39m,
  [32m'Console Error: Error fetching architectures: Error'[39m,
  [32m'Console Error: ❌ Direct loading also failed: error loading dynamically imported module: http://localhost:4173/archi-site/assets/database-C_Jrbyj2.js'[39m,
  [32m'Console Error: ❌ データベース初期化エラー: Error'[39m,
  [32m'Console Error: ❌ Failed to load page 4: Error'[39m,
  [32m'Console Error: ❌ getResearchAnalytics error: Error'[39m,
  [32m'Console Error: 初期データ取得エラー: Error'[39m,
  [32m'Console Error: ❌ Direct loading also failed: error loading dynamically imported module: http://localhost:4173/archi-site/assets/database-C_Jrbyj2.js'[39m,
  [32m'Console Error: ❌ データベース初期化エラー: Error'[39m,
  [32m'Console Error: ❌ Failed to load page 2: Error'[39m,
  [32m'Console Error: ❌ getResearchAnalytics error: Error'[39m,
  [32m'Console Error: 初期データ取得エラー: Error'[39m,
  [32m'Console Error: ❌ Failed to load page 11: Error'[39m,
  [32m'Console Error: ❌ searchArchitectures error: Error'[39m,
  [32m'Console Error: Error fetching architectures: Error'[39m,
  [32m'Console Error: ❌ Failed to load page 3: Error'[39m,
  [32m'Console Error: ❌ getResearchAnalytics error: Error'[39m,
  [32m'Console Error: 初期データ取得エラー: Error'[39m,
  [32m'Console Error: ❌ Failed to load page 11: Error'[39m,
  [32m'Console Error: ❌ searchArchitectures error: Error'[39m,
  [32m'Console Error: Error fetching architectures: Error'[39m,
  [32m'Console Error: ❌ Failed to load page 2: Error'[39m,
  [32m'Console Error: ❌ getResearchAnalytics error: Error'[39m,
  [32m'Console Error: 初期データ取得エラー: Error'[39m
]
]]>
</system-out>
</testcase>
<testcase name="Search Functionality After Navigation Patterns - Corrected › should search after interacting with navigation elements" classname="search-navigation-patterns-corrected.spec.ts" time="56.987">
<failure message="search-navigation-patterns-corrected.spec.ts:62:7 should search after interacting with navigation elements" type="FAILURE">
<![CDATA[  [firefox] › search-navigation-patterns-corrected.spec.ts:62:7 › Search Functionality After Navigation Patterns - Corrected › should search after interacting with navigation elements 

    TimeoutError: page.waitForLoadState: Timeout 30000ms exceeded.
    =========================== logs ===========================
      "commit" event fired
      "domcontentloaded" event fired
      "load" event fired
      "commit" event fired
      "domcontentloaded" event fired
      "load" event fired
      "commit" event fired
      "domcontentloaded" event fired
      "load" event fired
      "commit" event fired
      "domcontentloaded" event fired
      "load" event fired
      "commit" event fired
      "domcontentloaded" event fired
      "load" event fired
      "commit" event fired
      "domcontentloaded" event fired
      "load" event fired
      "commit" event fired
      "domcontentloaded" event fired
      "load" event fired
      "commit" event fired
      "domcontentloaded" event fired
      "load" event fired
      "commit" event fired
      "domcontentloaded" event fired
      "load" event fired
      "commit" event fired
      "domcontentloaded" event fired
      "load" event fired
      "commit" event fired
      "domcontentloaded" event fired
      "load" event fired
      "commit" event fired
      "domcontentloaded" event fired
      "load" event fired
      "commit" event fired
      "domcontentloaded" event fired
      "load" event fired
      "commit" event fired
      "domcontentloaded" event fired
      "load" event fired
      "commit" event fired
      "domcontentloaded" event fired
      "load" event fired
      "commit" event fired
      "domcontentloaded" event fired
      "load" event fired
      "commit" event fired
      "domcontentloaded" event fired
      "load" event fired
      "commit" event fired
      "domcontentloaded" event fired
      "load" event fired
      "commit" event fired
      "domcontentloaded" event fired
      "load" event fired
      "commit" event fired
      "domcontentloaded" event fired
      "load" event fired
      "commit" event fired
      "domcontentloaded" event fired
      "load" event fired
      "commit" event fired
      "domcontentloaded" event fired
      "load" event fired
      "commit" event fired
      "domcontentloaded" event fired
      "load" event fired
      "commit" event fired
      "domcontentloaded" event fired
      "load" event fired
      "commit" event fired
      "domcontentloaded" event fired
      "load" event fired
      "commit" event fired
      "domcontentloaded" event fired
      "load" event fired
      "commit" event fired
      "domcontentloaded" event fired
      "load" event fired
      "commit" event fired
      "domcontentloaded" event fired
      "load" event fired
      "commit" event fired
      "domcontentloaded" event fired
      "load" event fired
      "commit" event fired
      "domcontentloaded" event fired
      "load" event fired
      "commit" event fired
      "domcontentloaded" event fired
      "load" event fired
      "commit" event fired
      "domcontentloaded" event fired
      "load" event fired
      "commit" event fired
      "domcontentloaded" event fired
      "load" event fired
      "commit" event fired
      "domcontentloaded" event fired
      "load" event fired
      "commit" event fired
      "domcontentloaded" event fired
      "load" event fired
      "commit" event fired
      "domcontentloaded" event fired
      "load" event fired
      "commit" event fired
      "domcontentloaded" event fired
      "load" event fired
      "commit" event fired
      "domcontentloaded" event fired
      "load" event fired
      "commit" event fired
      "domcontentloaded" event fired
      "load" event fired
      "commit" event fired
      "domcontentloaded" event fired
      "load" event fired
      "commit" event fired
      "domcontentloaded" event fired
      "load" event fired
      "commit" event fired
      "domcontentloaded" event fired
      "load" event fired
      "commit" event fired
      "domcontentloaded" event fired
      "load" event fired
      "commit" event fired
      "domcontentloaded" event fired
      "load" event fired
      "commit" event fired
      "domcontentloaded" event fired
      "load" event fired
      "commit" event fired
      "domcontentloaded" event fired
      "load" event fired
      "commit" event fired
      "domcontentloaded" event fired
      "load" event fired
      "commit" event fired
      "domcontentloaded" event fired
      "load" event fired
      "commit" event fired
      "domcontentloaded" event fired
      "load" event fired
      "commit" event fired
      "domcontentloaded" event fired
      "load" event fired
      "commit" event fired
      "domcontentloaded" event fired
      "load" event fired
      "commit" event fired
      "domcontentloaded" event fired
      "load" event fired
      "commit" event fired
      "domcontentloaded" event fired
      "load" event fired
      "commit" event fired
      "domcontentloaded" event fired
      "load" event fired
      "commit" event fired
      "domcontentloaded" event fired
      "load" event fired
      "commit" event fired
      "domcontentloaded" event fired
      "load" event fired
      "commit" event fired
      "domcontentloaded" event fired
      "load" event fired
      "commit" event fired
      "domcontentloaded" event fired
      "load" event fired
      "commit" event fired
      "domcontentloaded" event fired
      "load" event fired
      "commit" event fired
      "domcontentloaded" event fired
      "load" event fired
      "commit" event fired
      "domcontentloaded" event fired
      "load" event fired
      "commit" event fired
      "domcontentloaded" event fired
      "load" event fired
      "commit" event fired
      "domcontentloaded" event fired
      "load" event fired
      "commit" event fired
      "domcontentloaded" event fired
      "load" event fired
      "commit" event fired
      "domcontentloaded" event fired
      "load" event fired
      "commit" event fired
      "domcontentloaded" event fired
      "load" event fired
      "commit" event fired
      "domcontentloaded" event fired
      "load" event fired
      "commit" event fired
      "domcontentloaded" event fired
      "load" event fired
      "commit" event fired
      "domcontentloaded" event fired
      "load" event fired
      "commit" event fired
      "domcontentloaded" event fired
      "load" event fired
      "commit" event fired
      "domcontentloaded" event fired
      "load" event fired
      "commit" event fired
      "domcontentloaded" event fired
      "load" event fired
      "commit" event fired
      "domcontentloaded" event fired
      "load" event fired
      "commit" event fired
      "domcontentloaded" event fired
      "load" event fired
      "commit" event fired
      "domcontentloaded" event fired
      "load" event fired
      "commit" event fired
      "domcontentloaded" event fired
      "load" event fired
      "commit" event fired
      "domcontentloaded" event fired
      "load" event fired
      "commit" event fired
      "domcontentloaded" event fired
      "load" event fired
      "commit" event fired
      "domcontentloaded" event fired
      "load" event fired
      "commit" event fired
      "domcontentloaded" event fired
      "load" event fired
      "commit" event fired
      "domcontentloaded" event fired
      "load" event fired
      "commit" event fired
      "domcontentloaded" event fired
      "load" event fired
      "commit" event fired
      "domcontentloaded" event fired
      "load" event fired
      "commit" event fired
      "domcontentloaded" event fired
      "load" event fired
      "commit" event fired
      "domcontentloaded" event fired
      "load" event fired
      "commit" event fired
      "domcontentloaded" event fired
      "load" event fired
      "commit" event fired
      "domcontentloaded" event fired
      "load" event fired
      "commit" event fired
      "domcontentloaded" event fired
      "load" event fired
      "commit" event fired
      "domcontentloaded" event fired
      "load" event fired
      "commit" event fired
      "domcontentloaded" event fired
      "load" event fired
      "commit" event fired
      "domcontentloaded" event fired
      "load" event fired
      "commit" event fired
      "domcontentloaded" event fired
      "load" event fired
      "commit" event fired
      "domcontentloaded" event fired
      "load" event fired
      "commit" event fired
      "domcontentloaded" event fired
      "load" event fired
      "commit" event fired
      "domcontentloaded" event fired
      "load" event fired
      "commit" event fired
      "domcontentloaded" event fired
      "load" event fired
      "commit" event fired
      "domcontentloaded" event fired
      "load" event fired
      "commit" event fired
      "domcontentloaded" event fired
      "load" event fired
      "commit" event fired
      "domcontentloaded" event fired
      "load" event fired
      "commit" event fired
      "domcontentloaded" event fired
      "load" event fired
      "commit" event fired
      "domcontentloaded" event fired
      "load" event fired
      "commit" event fired
      "domcontentloaded" event fired
      "load" event fired
      "commit" event fired
      "domcontentloaded" event fired
      "load" event fired
      "commit" event fired
      "domcontentloaded" event fired
      "load" event fired
      "commit" event fired
      "domcontentloaded" event fired
      "load" event fired
      "commit" event fired
      "domcontentloaded" event fired
      "load" event fired
      "commit" event fired
      "domcontentloaded" event fired
      "load" event fired
      "commit" event fired
      "domcontentloaded" event fired
      "load" event fired
      "commit" event fired
      "domcontentloaded" event fired
      "load" event fired
      "commit" event fired
      "domcontentloaded" event fired
      "load" event fired
      "commit" event fired
      "domcontentloaded" event fired
      "load" event fired
      "commit" event fired
      "domcontentloaded" event fired
      "load" event fired
      "commit" event fired
      "domcontentloaded" event fired
      "load" event fired
      "commit" event fired
      "domcontentloaded" event fired
      "load" event fired
      "commit" event fired
      "domcontentloaded" event fired
      "load" event fired
      "commit" event fired
      "domcontentloaded" event fired
      "load" event fired
      "commit" event fired
      "domcontentloaded" event fired
      "load" event fired
      "commit" event fired
      "domcontentloaded" event fired
      "load" event fired
      "commit" event fired
      "domcontentloaded" event fired
      "load" event fired
      "commit" event fired
      "domcontentloaded" event fired
      "load" event fired
      "commit" event fired
      "domcontentloaded" event fired
      "load" event fired
      "commit" event fired
      "domcontentloaded" event fired
      "load" event fired
      "commit" event fired
      "domcontentloaded" event fired
      "load" event fired
      "commit" event fired
      "domcontentloaded" event fired
      "load" event fired
      "commit" event fired
      "domcontentloaded" event fired
      "load" event fired
      "commit" event fired
      "domcontentloaded" event fired
      "load" event fired
      "commit" event fired
      "domcontentloaded" event fired
      "load" event fired
      "commit" event fired
      "domcontentloaded" event fired
      "load" event fired
      "commit" event fired
      "domcontentloaded" event fired
      "load" event fired
      "commit" event fired
      "domcontentloaded" event fired
      "load" event fired
      "commit" event fired
      "domcontentloaded" event fired
      "load" event fired
      "commit" event fired
      "domcontentloaded" event fired
      "load" event fired
      "commit" event fired
      "domcontentloaded" event fired
      "load" event fired
      "commit" event fired
      "domcontentloaded" event fired
      "load" event fired
      "commit" event fired
      "domcontentloaded" event fired
      "load" event fired
      "commit" event fired
      "domcontentloaded" event fired
      "load" event fired
      "commit" event fired
      "domcontentloaded" event fired
      "load" event fired
      "commit" event fired
      "domcontentloaded" event fired
      "load" event fired
      "commit" event fired
      "domcontentloaded" event fired
      "load" event fired
      "commit" event fired
      "domcontentloaded" event fired
      "load" event fired
      "commit" event fired
      "domcontentloaded" event fired
      "load" event fired
      "commit" event fired
      "domcontentloaded" event fired
      "load" event fired
      "commit" event fired
      "domcontentloaded" event fired
      "load" event fired
      "commit" event fired
      "domcontentloaded" event fired
      "load" event fired
      "commit" event fired
      "domcontentloaded" event fired
      "load" event fired
      "commit" event fired
      "domcontentloaded" event fired
      "load" event fired
      "commit" event fired
      "domcontentloaded" event fired
      "load" event fired
      "commit" event fired
      "domcontentloaded" event fired
      "load" event fired
      "commit" event fired
      "domcontentloaded" event fired
      "load" event fired
      "commit" event fired
      "domcontentloaded" event fired
      "load" event fired
      "commit" event fired
      "domcontentloaded" event fired
      "load" event fired
      "commit" event fired
      "domcontentloaded" event fired
      "load" event fired
      "commit" event fired
      "domcontentloaded" event fired
      "load" event fired
      "commit" event fired
      "domcontentloaded" event fired
      "load" event fired
      "commit" event fired
      "domcontentloaded" event fired
      "load" event fired
      "commit" event fired
      "domcontentloaded" event fired
      "load" event fired
      "commit" event fired
      "domcontentloaded" event fired
      "load" event fired
      "commit" event fired
      "domcontentloaded" event fired
      "load" event fired
      "commit" event fired
      "domcontentloaded" event fired
      "load" event fired
      "commit" event fired
      "domcontentloaded" event fired
      "load" event fired
      "commit" event fired
      "domcontentloaded" event fired
      "load" event fired
      "commit" event fired
      "domcontentloaded" event fired
      "load" event fired
      "commit" event fired
      "domcontentloaded" event fired
      "load" event fired
      "commit" event fired
      "domcontentloaded" event fired
      "load" event fired
    ============================================================

      64 |     
      65 |     await page.goto('/');
    > 66 |     await page.waitForLoadState('networkidle');
         |                ^
      67 |     
      68 |     // Look for navigation elements (buttons, links, tabs)
      69 |     const buttons = page.locator('button');
        at /Users/homeserver/ai-creative-team/archi-site/tests/e2e/search-navigation-patterns-corrected.spec.ts:66:16

    attachment #1: screenshot (image/png) ──────────────────────────────────────────────────────────
    playwright-results/artifacts/search-navigation-patterns-bc04a-ng-with-navigation-elements-firefox/test-failed-1.png
    ────────────────────────────────────────────────────────────────────────────────────────────────

    Error Context: ../../playwright-results/artifacts/search-navigation-patterns-bc04a-ng-with-navigation-elements-firefox/error-context.md

    Retry #1 ───────────────────────────────────────────────────────────────────────────────────────

    Error: Timed out 10000ms waiting for expect(locator).toHaveValue(expected)

    Locator: locator('input').first()
    Expected string: "ナビゲーション後検索"
    Received string: ""
    Call log:
      - Expect "toHaveValue" with timeout 10000ms
      - waiting for locator('input').first()
        14 × locator resolved to <input value="" id=":ri:" type="text" role="combobox" autocomplete="off" spellcheck="false" aria-invalid="false" aria-expanded="false" autocapitalize="none" aria-autocomplete="list" placeholder="例: 日本建築学会賞、隈研吾、美術館、東京都、1990" class="MuiInputBase-input MuiOutlinedInput-input MuiInputBase-inputAdornedStart MuiInputBase-inputAdornedEnd MuiAutocomplete-input MuiAutocomplete-inputFocused css-92iazb"/>
           - unexpected value ""


       95 |       
       96 |       // Verify search worked
    >  97 |       await expect(searchInput).toHaveValue('ナビゲーション後検索');
          |                                 ^
       98 |       console.log('✅ Search after navigation interaction successful');
       99 |     } else {
      100 |       console.log('❌ Search input not available after navigation');
        at /Users/homeserver/ai-creative-team/archi-site/tests/e2e/search-navigation-patterns-corrected.spec.ts:97:33

    attachment #1: screenshot (image/png) ──────────────────────────────────────────────────────────
    playwright-results/artifacts/search-navigation-patterns-bc04a-ng-with-navigation-elements-firefox-retry1/test-failed-1.png
    ────────────────────────────────────────────────────────────────────────────────────────────────

    attachment #2: video (video/webm) ──────────────────────────────────────────────────────────────
    playwright-results/artifacts/search-navigation-patterns-bc04a-ng-with-navigation-elements-firefox-retry1/video.webm
    ────────────────────────────────────────────────────────────────────────────────────────────────

    Error Context: ../../playwright-results/artifacts/search-navigation-patterns-bc04a-ng-with-navigation-elements-firefox-retry1/error-context.md

    attachment #4: trace (application/zip) ─────────────────────────────────────────────────────────
    playwright-results/artifacts/search-navigation-patterns-bc04a-ng-with-navigation-elements-firefox-retry1/trace.zip
    Usage:

        npx playwright show-trace playwright-results/artifacts/search-navigation-patterns-bc04a-ng-with-navigation-elements-firefox-retry1/trace.zip

    ────────────────────────────────────────────────────────────────────────────────────────────────
]]>
</failure>
<system-out>
<![CDATA[🔍 Testing search after navigation interaction...

[[ATTACHMENT|artifacts/search-navigation-patterns-bc04a-ng-with-navigation-elements-firefox/test-failed-1.png]]

[[ATTACHMENT|artifacts/search-navigation-patterns-bc04a-ng-with-navigation-elements-firefox/error-context.md]]
🔍 Testing search after navigation interaction...
Found 4 buttons on the page
Clicking button: ""
✅ Button clicked successfully

[[ATTACHMENT|artifacts/search-navigation-patterns-bc04a-ng-with-navigation-elements-firefox-retry1/test-failed-1.png]]

[[ATTACHMENT|artifacts/search-navigation-patterns-bc04a-ng-with-navigation-elements-firefox-retry1/video.webm]]

[[ATTACHMENT|artifacts/search-navigation-patterns-bc04a-ng-with-navigation-elements-firefox-retry1/error-context.md]]

[[ATTACHMENT|artifacts/search-navigation-patterns-bc04a-ng-with-navigation-elements-firefox-retry1/trace.zip]]
]]>
</system-out>
</testcase>
<testcase name="Search Functionality After Navigation Patterns - Corrected › should search after navigating away and back" classname="search-navigation-patterns-corrected.spec.ts" time="48.361">
<failure message="search-navigation-patterns-corrected.spec.ts:104:7 should search after navigating away and back" type="FAILURE">
<![CDATA[  [firefox] › search-navigation-patterns-corrected.spec.ts:104:7 › Search Functionality After Navigation Patterns - Corrected › should search after navigating away and back 

    Error: Timed out 10000ms waiting for expect(locator).toHaveValue(expected)

    Locator: locator('input').first()
    Expected string: "戻り後検索"
    Received string: ""
    Call log:
      - Expect "toHaveValue" with timeout 10000ms
      - waiting for locator('input').first()
        13 × locator resolved to <input value="" id=":ri:" type="text" role="combobox" autocomplete="off" spellcheck="false" aria-invalid="false" aria-expanded="false" autocapitalize="none" aria-autocomplete="list" placeholder="例: 日本建築学会賞、隈研吾、美術館、東京都、1990" class="MuiInputBase-input MuiOutlinedInput-input MuiInputBase-inputAdornedStart MuiInputBase-inputAdornedEnd MuiAutocomplete-input MuiAutocomplete-inputFocused css-92iazb"/>
           - unexpected value ""


      141 |     await page.waitForTimeout(1000);
      142 |     
    > 143 |     await expect(searchInputAfterReturn).toHaveValue('戻り後検索');
          |                                          ^
      144 |     
      145 |     console.log('✅ Search after navigation away and back successful');
      146 |     
        at /Users/homeserver/ai-creative-team/archi-site/tests/e2e/search-navigation-patterns-corrected.spec.ts:143:42

    attachment #1: screenshot (image/png) ──────────────────────────────────────────────────────────
    playwright-results/artifacts/search-navigation-patterns-36a95-er-navigating-away-and-back-firefox/test-failed-1.png
    ────────────────────────────────────────────────────────────────────────────────────────────────

    attachment #2: video (video/webm) ──────────────────────────────────────────────────────────────
    playwright-results/artifacts/search-navigation-patterns-36a95-er-navigating-away-and-back-firefox/video.webm
    ────────────────────────────────────────────────────────────────────────────────────────────────

    Error Context: ../../playwright-results/artifacts/search-navigation-patterns-36a95-er-navigating-away-and-back-firefox/error-context.md

    Retry #1 ───────────────────────────────────────────────────────────────────────────────────────

    Error: page.goto: NS_ERROR_CONNECTION_REFUSED
    Call log:
      - navigating to "http://localhost:4173/", waiting until "load"


      106 |     
      107 |     // Start on home page
    > 108 |     await page.goto('/');
          |                ^
      109 |     await page.waitForLoadState('networkidle');
      110 |     
      111 |     // Perform initial search
        at /Users/homeserver/ai-creative-team/archi-site/tests/e2e/search-navigation-patterns-corrected.spec.ts:108:16

    attachment #1: screenshot (image/png) ──────────────────────────────────────────────────────────
    playwright-results/artifacts/search-navigation-patterns-36a95-er-navigating-away-and-back-firefox-retry1/test-failed-1.png
    ────────────────────────────────────────────────────────────────────────────────────────────────

    attachment #2: video (video/webm) ──────────────────────────────────────────────────────────────
    playwright-results/artifacts/search-navigation-patterns-36a95-er-navigating-away-and-back-firefox-retry1/video.webm
    ────────────────────────────────────────────────────────────────────────────────────────────────

    Error Context: ../../playwright-results/artifacts/search-navigation-patterns-36a95-er-navigating-away-and-back-firefox-retry1/error-context.md

    attachment #4: trace (application/zip) ─────────────────────────────────────────────────────────
    playwright-results/artifacts/search-navigation-patterns-36a95-er-navigating-away-and-back-firefox-retry1/trace.zip
    Usage:

        npx playwright show-trace playwright-results/artifacts/search-navigation-patterns-36a95-er-navigating-away-and-back-firefox-retry1/trace.zip

    ────────────────────────────────────────────────────────────────────────────────────────────────
]]>
</failure>
<system-out>
<![CDATA[🔍 Testing search after navigating away and back...
Performed initial search
Navigated away to /about
Navigated back to home page

[[ATTACHMENT|artifacts/search-navigation-patterns-36a95-er-navigating-away-and-back-firefox/test-failed-1.png]]

[[ATTACHMENT|artifacts/search-navigation-patterns-36a95-er-navigating-away-and-back-firefox/video.webm]]

[[ATTACHMENT|artifacts/search-navigation-patterns-36a95-er-navigating-away-and-back-firefox/error-context.md]]
🔍 Testing search after navigating away and back...

[[ATTACHMENT|artifacts/search-navigation-patterns-36a95-er-navigating-away-and-back-firefox-retry1/test-failed-1.png]]

[[ATTACHMENT|artifacts/search-navigation-patterns-36a95-er-navigating-away-and-back-firefox-retry1/video.webm]]

[[ATTACHMENT|artifacts/search-navigation-patterns-36a95-er-navigating-away-and-back-firefox-retry1/error-context.md]]

[[ATTACHMENT|artifacts/search-navigation-patterns-36a95-er-navigating-away-and-back-firefox-retry1/trace.zip]]
]]>
</system-out>
</testcase>
<testcase name="Search Functionality After Navigation Patterns - Corrected › should search after browser refresh" classname="search-navigation-patterns-corrected.spec.ts" time="1.623">
<failure message="search-navigation-patterns-corrected.spec.ts:153:7 should search after browser refresh" type="FAILURE">
<![CDATA[  [firefox] › search-navigation-patterns-corrected.spec.ts:153:7 › Search Functionality After Navigation Patterns - Corrected › should search after browser refresh 

    Error: page.goto: NS_ERROR_CONNECTION_REFUSED
    Call log:
      - navigating to "http://localhost:4173/", waiting until "load"


      154 |     console.log('🔍 Testing search after browser refresh...');
      155 |     
    > 156 |     await page.goto('/');
          |                ^
      157 |     await page.waitForLoadState('networkidle');
      158 |     
      159 |     // Perform initial search
        at /Users/homeserver/ai-creative-team/archi-site/tests/e2e/search-navigation-patterns-corrected.spec.ts:156:16

    attachment #1: screenshot (image/png) ──────────────────────────────────────────────────────────
    playwright-results/artifacts/search-navigation-patterns-f3445-earch-after-browser-refresh-firefox/test-failed-1.png
    ────────────────────────────────────────────────────────────────────────────────────────────────

    attachment #2: video (video/webm) ──────────────────────────────────────────────────────────────
    playwright-results/artifacts/search-navigation-patterns-f3445-earch-after-browser-refresh-firefox/video.webm
    ────────────────────────────────────────────────────────────────────────────────────────────────

    Error Context: ../../playwright-results/artifacts/search-navigation-patterns-f3445-earch-after-browser-refresh-firefox/error-context.md

    Retry #1 ───────────────────────────────────────────────────────────────────────────────────────

    Error: page.goto: NS_ERROR_CONNECTION_REFUSED
    Call log:
      - navigating to "http://localhost:4173/", waiting until "load"


      154 |     console.log('🔍 Testing search after browser refresh...');
      155 |     
    > 156 |     await page.goto('/');
          |                ^
      157 |     await page.waitForLoadState('networkidle');
      158 |     
      159 |     // Perform initial search
        at /Users/homeserver/ai-creative-team/archi-site/tests/e2e/search-navigation-patterns-corrected.spec.ts:156:16

    attachment #1: screenshot (image/png) ──────────────────────────────────────────────────────────
    playwright-results/artifacts/search-navigation-patterns-f3445-earch-after-browser-refresh-firefox-retry1/test-failed-1.png
    ────────────────────────────────────────────────────────────────────────────────────────────────

    attachment #2: video (video/webm) ──────────────────────────────────────────────────────────────
    playwright-results/artifacts/search-navigation-patterns-f3445-earch-after-browser-refresh-firefox-retry1/video.webm
    ────────────────────────────────────────────────────────────────────────────────────────────────

    Error Context: ../../playwright-results/artifacts/search-navigation-patterns-f3445-earch-after-browser-refresh-firefox-retry1/error-context.md

    attachment #4: trace (application/zip) ─────────────────────────────────────────────────────────
    playwright-results/artifacts/search-navigation-patterns-f3445-earch-after-browser-refresh-firefox-retry1/trace.zip
    Usage:

        npx playwright show-trace playwright-results/artifacts/search-navigation-patterns-f3445-earch-after-browser-refresh-firefox-retry1/trace.zip

    ────────────────────────────────────────────────────────────────────────────────────────────────
]]>
</failure>
<system-out>
<![CDATA[🔍 Testing search after browser refresh...

[[ATTACHMENT|artifacts/search-navigation-patterns-f3445-earch-after-browser-refresh-firefox/test-failed-1.png]]

[[ATTACHMENT|artifacts/search-navigation-patterns-f3445-earch-after-browser-refresh-firefox/video.webm]]

[[ATTACHMENT|artifacts/search-navigation-patterns-f3445-earch-after-browser-refresh-firefox/error-context.md]]
🔍 Testing search after browser refresh...

[[ATTACHMENT|artifacts/search-navigation-patterns-f3445-earch-after-browser-refresh-firefox-retry1/test-failed-1.png]]

[[ATTACHMENT|artifacts/search-navigation-patterns-f3445-earch-after-browser-refresh-firefox-retry1/video.webm]]

[[ATTACHMENT|artifacts/search-navigation-patterns-f3445-earch-after-browser-refresh-firefox-retry1/error-context.md]]

[[ATTACHMENT|artifacts/search-navigation-patterns-f3445-earch-after-browser-refresh-firefox-retry1/trace.zip]]
]]>
</system-out>
</testcase>
<testcase name="Search Functionality After Navigation Patterns - Corrected › should search with different input methods" classname="search-navigation-patterns-corrected.spec.ts" time="1.603">
<failure message="search-navigation-patterns-corrected.spec.ts:198:7 should search with different input methods" type="FAILURE">
<![CDATA[  [firefox] › search-navigation-patterns-corrected.spec.ts:198:7 › Search Functionality After Navigation Patterns - Corrected › should search with different input methods 

    Error: page.goto: NS_ERROR_CONNECTION_REFUSED
    Call log:
      - navigating to "http://localhost:4173/", waiting until "load"


      199 |     console.log('🔍 Testing search with different input methods...');
      200 |     
    > 201 |     await page.goto('/');
          |                ^
      202 |     await page.waitForLoadState('networkidle');
      203 |     
      204 |     const searchInput = page.locator('input').first();
        at /Users/homeserver/ai-creative-team/archi-site/tests/e2e/search-navigation-patterns-corrected.spec.ts:201:16

    attachment #1: screenshot (image/png) ──────────────────────────────────────────────────────────
    playwright-results/artifacts/search-navigation-patterns-4ba14-ith-different-input-methods-firefox/test-failed-1.png
    ────────────────────────────────────────────────────────────────────────────────────────────────

    attachment #2: video (video/webm) ──────────────────────────────────────────────────────────────
    playwright-results/artifacts/search-navigation-patterns-4ba14-ith-different-input-methods-firefox/video.webm
    ────────────────────────────────────────────────────────────────────────────────────────────────

    Error Context: ../../playwright-results/artifacts/search-navigation-patterns-4ba14-ith-different-input-methods-firefox/error-context.md

    Retry #1 ───────────────────────────────────────────────────────────────────────────────────────

    Error: page.goto: NS_ERROR_CONNECTION_REFUSED
    Call log:
      - navigating to "http://localhost:4173/", waiting until "load"


      199 |     console.log('🔍 Testing search with different input methods...');
      200 |     
    > 201 |     await page.goto('/');
          |                ^
      202 |     await page.waitForLoadState('networkidle');
      203 |     
      204 |     const searchInput = page.locator('input').first();
        at /Users/homeserver/ai-creative-team/archi-site/tests/e2e/search-navigation-patterns-corrected.spec.ts:201:16

    attachment #1: screenshot (image/png) ──────────────────────────────────────────────────────────
    playwright-results/artifacts/search-navigation-patterns-4ba14-ith-different-input-methods-firefox-retry1/test-failed-1.png
    ────────────────────────────────────────────────────────────────────────────────────────────────

    attachment #2: video (video/webm) ──────────────────────────────────────────────────────────────
    playwright-results/artifacts/search-navigation-patterns-4ba14-ith-different-input-methods-firefox-retry1/video.webm
    ────────────────────────────────────────────────────────────────────────────────────────────────

    Error Context: ../../playwright-results/artifacts/search-navigation-patterns-4ba14-ith-different-input-methods-firefox-retry1/error-context.md

    attachment #4: trace (application/zip) ─────────────────────────────────────────────────────────
    playwright-results/artifacts/search-navigation-patterns-4ba14-ith-different-input-methods-firefox-retry1/trace.zip
    Usage:

        npx playwright show-trace playwright-results/artifacts/search-navigation-patterns-4ba14-ith-different-input-methods-firefox-retry1/trace.zip

    ────────────────────────────────────────────────────────────────────────────────────────────────
]]>
</failure>
<system-out>
<![CDATA[🔍 Testing search with different input methods...

[[ATTACHMENT|artifacts/search-navigation-patterns-4ba14-ith-different-input-methods-firefox/test-failed-1.png]]

[[ATTACHMENT|artifacts/search-navigation-patterns-4ba14-ith-different-input-methods-firefox/video.webm]]

[[ATTACHMENT|artifacts/search-navigation-patterns-4ba14-ith-different-input-methods-firefox/error-context.md]]
🔍 Testing search with different input methods...

[[ATTACHMENT|artifacts/search-navigation-patterns-4ba14-ith-different-input-methods-firefox-retry1/test-failed-1.png]]

[[ATTACHMENT|artifacts/search-navigation-patterns-4ba14-ith-different-input-methods-firefox-retry1/video.webm]]

[[ATTACHMENT|artifacts/search-navigation-patterns-4ba14-ith-different-input-methods-firefox-retry1/error-context.md]]

[[ATTACHMENT|artifacts/search-navigation-patterns-4ba14-ith-different-input-methods-firefox-retry1/trace.zip]]
]]>
</system-out>
</testcase>
<testcase name="Search Functionality After Navigation Patterns - Corrected › should handle rapid search operations" classname="search-navigation-patterns-corrected.spec.ts" time="1.792">
<failure message="search-navigation-patterns-corrected.spec.ts:232:7 should handle rapid search operations" type="FAILURE">
<![CDATA[  [firefox] › search-navigation-patterns-corrected.spec.ts:232:7 › Search Functionality After Navigation Patterns - Corrected › should handle rapid search operations 

    Error: page.goto: NS_ERROR_CONNECTION_REFUSED
    Call log:
      - navigating to "http://localhost:4173/", waiting until "load"


      233 |     console.log('🔍 Testing rapid search operations...');
      234 |     
    > 235 |     await page.goto('/');
          |                ^
      236 |     await page.waitForLoadState('networkidle');
      237 |     
      238 |     const searchInput = page.locator('input').first();
        at /Users/homeserver/ai-creative-team/archi-site/tests/e2e/search-navigation-patterns-corrected.spec.ts:235:16

    attachment #1: screenshot (image/png) ──────────────────────────────────────────────────────────
    playwright-results/artifacts/search-navigation-patterns-8eee7-dle-rapid-search-operations-firefox/test-failed-1.png
    ────────────────────────────────────────────────────────────────────────────────────────────────

    attachment #2: video (video/webm) ──────────────────────────────────────────────────────────────
    playwright-results/artifacts/search-navigation-patterns-8eee7-dle-rapid-search-operations-firefox/video.webm
    ────────────────────────────────────────────────────────────────────────────────────────────────

    Error Context: ../../playwright-results/artifacts/search-navigation-patterns-8eee7-dle-rapid-search-operations-firefox/error-context.md

    Retry #1 ───────────────────────────────────────────────────────────────────────────────────────

    Error: page.goto: NS_ERROR_CONNECTION_REFUSED
    Call log:
      - navigating to "http://localhost:4173/", waiting until "load"


      233 |     console.log('🔍 Testing rapid search operations...');
      234 |     
    > 235 |     await page.goto('/');
          |                ^
      236 |     await page.waitForLoadState('networkidle');
      237 |     
      238 |     const searchInput = page.locator('input').first();
        at /Users/homeserver/ai-creative-team/archi-site/tests/e2e/search-navigation-patterns-corrected.spec.ts:235:16

    attachment #1: screenshot (image/png) ──────────────────────────────────────────────────────────
    playwright-results/artifacts/search-navigation-patterns-8eee7-dle-rapid-search-operations-firefox-retry1/test-failed-1.png
    ────────────────────────────────────────────────────────────────────────────────────────────────

    attachment #2: video (video/webm) ──────────────────────────────────────────────────────────────
    playwright-results/artifacts/search-navigation-patterns-8eee7-dle-rapid-search-operations-firefox-retry1/video.webm
    ────────────────────────────────────────────────────────────────────────────────────────────────

    Error Context: ../../playwright-results/artifacts/search-navigation-patterns-8eee7-dle-rapid-search-operations-firefox-retry1/error-context.md

    attachment #4: trace (application/zip) ─────────────────────────────────────────────────────────
    playwright-results/artifacts/search-navigation-patterns-8eee7-dle-rapid-search-operations-firefox-retry1/trace.zip
    Usage:

        npx playwright show-trace playwright-results/artifacts/search-navigation-patterns-8eee7-dle-rapid-search-operations-firefox-retry1/trace.zip

    ────────────────────────────────────────────────────────────────────────────────────────────────
]]>
</failure>
<system-out>
<![CDATA[🔍 Testing rapid search operations...

[[ATTACHMENT|artifacts/search-navigation-patterns-8eee7-dle-rapid-search-operations-firefox/test-failed-1.png]]

[[ATTACHMENT|artifacts/search-navigation-patterns-8eee7-dle-rapid-search-operations-firefox/video.webm]]

[[ATTACHMENT|artifacts/search-navigation-patterns-8eee7-dle-rapid-search-operations-firefox/error-context.md]]
🔍 Testing rapid search operations...

[[ATTACHMENT|artifacts/search-navigation-patterns-8eee7-dle-rapid-search-operations-firefox-retry1/test-failed-1.png]]

[[ATTACHMENT|artifacts/search-navigation-patterns-8eee7-dle-rapid-search-operations-firefox-retry1/video.webm]]

[[ATTACHMENT|artifacts/search-navigation-patterns-8eee7-dle-rapid-search-operations-firefox-retry1/error-context.md]]

[[ATTACHMENT|artifacts/search-navigation-patterns-8eee7-dle-rapid-search-operations-firefox-retry1/trace.zip]]
]]>
</system-out>
</testcase>
<testcase name="Search Functionality After Navigation Patterns - Corrected › should document search failures and issues" classname="search-navigation-patterns-corrected.spec.ts" time="0.869">
<system-out>
<![CDATA[📝 Documenting search behavior and failures...
📊 Search Behavior and Failure Analysis Report:
{
  "timestamp": "2025-07-12T04:26:18.635Z",
  "testEnvironment": "Playwright E2E",
  "applicationUrl": "about:blank",
  "searchBehaviorAnalysis": {},
  "navigationIssues": [],
  "searchFailures": [
    {
      "test": "Overall test execution",
      "error": "page.goto: NS_ERROR_CONNECTION_REFUSED\nCall log:\n\u001b[2m  - navigating to \"http://localhost:4173/\", waiting until \"load\"\u001b[22m\n",
      "timestamp": "2025-07-12T04:26:18.669Z"
    }
  ],
  "recommendations": []
}
📄 Detailed report would be saved as search-behavior-report.md
]]>
</system-out>
</testcase>
</testsuite>
<testsuite name="search-navigation-patterns-corrected.spec.ts" timestamp="2025-07-12T04:24:43.291Z" hostname="webkit" tests="7" failures="6" skipped="0" time="4.975" errors="0">
<testcase name="Search Functionality After Navigation Patterns - Corrected › should search immediately after page load" classname="search-navigation-patterns-corrected.spec.ts" time="0.918">
<failure message="search-navigation-patterns-corrected.spec.ts:21:7 should search immediately after page load" type="FAILURE">
<![CDATA[  [webkit] › search-navigation-patterns-corrected.spec.ts:21:7 › Search Functionality After Navigation Patterns - Corrected › should search immediately after page load 

    Error: page.goto: Could not connect to the server.
    Call log:
      - navigating to "http://localhost:4173/", waiting until "load"


      23 |     
      24 |     // Navigate to home page where search functionality exists
    > 25 |     await page.goto('/');
         |                ^
      26 |     await page.waitForLoadState('networkidle');
      27 |     
      28 |     // Wait for search input to be available
        at /Users/homeserver/ai-creative-team/archi-site/tests/e2e/search-navigation-patterns-corrected.spec.ts:25:16

    attachment #1: screenshot (image/png) ──────────────────────────────────────────────────────────
    playwright-results/artifacts/search-navigation-patterns-4f7ef-immediately-after-page-load-webkit/test-failed-1.png
    ────────────────────────────────────────────────────────────────────────────────────────────────

    attachment #2: video (video/webm) ──────────────────────────────────────────────────────────────
    playwright-results/artifacts/search-navigation-patterns-4f7ef-immediately-after-page-load-webkit/video.webm
    ────────────────────────────────────────────────────────────────────────────────────────────────

    Retry #1 ───────────────────────────────────────────────────────────────────────────────────────

    Error: page.goto: Could not connect to the server.
    Call log:
      - navigating to "http://localhost:4173/", waiting until "load"


      23 |     
      24 |     // Navigate to home page where search functionality exists
    > 25 |     await page.goto('/');
         |                ^
      26 |     await page.waitForLoadState('networkidle');
      27 |     
      28 |     // Wait for search input to be available
        at /Users/homeserver/ai-creative-team/archi-site/tests/e2e/search-navigation-patterns-corrected.spec.ts:25:16

    attachment #1: screenshot (image/png) ──────────────────────────────────────────────────────────
    playwright-results/artifacts/search-navigation-patterns-4f7ef-immediately-after-page-load-webkit-retry1/test-failed-1.png
    ────────────────────────────────────────────────────────────────────────────────────────────────

    attachment #2: video (video/webm) ──────────────────────────────────────────────────────────────
    playwright-results/artifacts/search-navigation-patterns-4f7ef-immediately-after-page-load-webkit-retry1/video.webm
    ────────────────────────────────────────────────────────────────────────────────────────────────

    attachment #3: trace (application/zip) ─────────────────────────────────────────────────────────
    playwright-results/artifacts/search-navigation-patterns-4f7ef-immediately-after-page-load-webkit-retry1/trace.zip
    Usage:

        npx playwright show-trace playwright-results/artifacts/search-navigation-patterns-4f7ef-immediately-after-page-load-webkit-retry1/trace.zip

    ────────────────────────────────────────────────────────────────────────────────────────────────
]]>
</failure>
<system-out>
<![CDATA[🔍 Testing search immediately after page load...

[[ATTACHMENT|artifacts/search-navigation-patterns-4f7ef-immediately-after-page-load-webkit/test-failed-1.png]]

[[ATTACHMENT|artifacts/search-navigation-patterns-4f7ef-immediately-after-page-load-webkit/video.webm]]
🔍 Testing search immediately after page load...

[[ATTACHMENT|artifacts/search-navigation-patterns-4f7ef-immediately-after-page-load-webkit-retry1/test-failed-1.png]]

[[ATTACHMENT|artifacts/search-navigation-patterns-4f7ef-immediately-after-page-load-webkit-retry1/video.webm]]

[[ATTACHMENT|artifacts/search-navigation-patterns-4f7ef-immediately-after-page-load-webkit-retry1/trace.zip]]
]]>
</system-out>
</testcase>
<testcase name="Search Functionality After Navigation Patterns - Corrected › should search after interacting with navigation elements" classname="search-navigation-patterns-corrected.spec.ts" time="0.834">
<failure message="search-navigation-patterns-corrected.spec.ts:62:7 should search after interacting with navigation elements" type="FAILURE">
<![CDATA[  [webkit] › search-navigation-patterns-corrected.spec.ts:62:7 › Search Functionality After Navigation Patterns - Corrected › should search after interacting with navigation elements 

    Error: page.goto: Could not connect to the server.
    Call log:
      - navigating to "http://localhost:4173/", waiting until "load"


      63 |     console.log('🔍 Testing search after navigation interaction...');
      64 |     
    > 65 |     await page.goto('/');
         |                ^
      66 |     await page.waitForLoadState('networkidle');
      67 |     
      68 |     // Look for navigation elements (buttons, links, tabs)
        at /Users/homeserver/ai-creative-team/archi-site/tests/e2e/search-navigation-patterns-corrected.spec.ts:65:16

    attachment #1: screenshot (image/png) ──────────────────────────────────────────────────────────
    playwright-results/artifacts/search-navigation-patterns-bc04a-ng-with-navigation-elements-webkit/test-failed-1.png
    ────────────────────────────────────────────────────────────────────────────────────────────────

    attachment #2: video (video/webm) ──────────────────────────────────────────────────────────────
    playwright-results/artifacts/search-navigation-patterns-bc04a-ng-with-navigation-elements-webkit/video.webm
    ────────────────────────────────────────────────────────────────────────────────────────────────

    Retry #1 ───────────────────────────────────────────────────────────────────────────────────────

    Error: page.goto: Could not connect to the server.
    Call log:
      - navigating to "http://localhost:4173/", waiting until "load"


      63 |     console.log('🔍 Testing search after navigation interaction...');
      64 |     
    > 65 |     await page.goto('/');
         |                ^
      66 |     await page.waitForLoadState('networkidle');
      67 |     
      68 |     // Look for navigation elements (buttons, links, tabs)
        at /Users/homeserver/ai-creative-team/archi-site/tests/e2e/search-navigation-patterns-corrected.spec.ts:65:16

    attachment #1: screenshot (image/png) ──────────────────────────────────────────────────────────
    playwright-results/artifacts/search-navigation-patterns-bc04a-ng-with-navigation-elements-webkit-retry1/test-failed-1.png
    ────────────────────────────────────────────────────────────────────────────────────────────────

    attachment #2: video (video/webm) ──────────────────────────────────────────────────────────────
    playwright-results/artifacts/search-navigation-patterns-bc04a-ng-with-navigation-elements-webkit-retry1/video.webm
    ────────────────────────────────────────────────────────────────────────────────────────────────

    attachment #3: trace (application/zip) ─────────────────────────────────────────────────────────
    playwright-results/artifacts/search-navigation-patterns-bc04a-ng-with-navigation-elements-webkit-retry1/trace.zip
    Usage:

        npx playwright show-trace playwright-results/artifacts/search-navigation-patterns-bc04a-ng-with-navigation-elements-webkit-retry1/trace.zip

    ────────────────────────────────────────────────────────────────────────────────────────────────
]]>
</failure>
<system-out>
<![CDATA[🔍 Testing search after navigation interaction...

[[ATTACHMENT|artifacts/search-navigation-patterns-bc04a-ng-with-navigation-elements-webkit/test-failed-1.png]]

[[ATTACHMENT|artifacts/search-navigation-patterns-bc04a-ng-with-navigation-elements-webkit/video.webm]]
🔍 Testing search after navigation interaction...

[[ATTACHMENT|artifacts/search-navigation-patterns-bc04a-ng-with-navigation-elements-webkit-retry1/test-failed-1.png]]

[...]

[[ATTACHMENT|artifacts/search-navigation-patterns-bc04a-ng-with-navigation-elements-Tablet-retry1/trace.zip]]
]]>
</system-out>
</testcase>
<testcase name="Search Functionality After Navigation Patterns - Corrected › should search after navigating away and back" classname="search-navigation-patterns-corrected.spec.ts" time="0.791">
<failure message="search-navigation-patterns-corrected.spec.ts:104:7 should search after navigating away and back" type="FAILURE">
<![CDATA[  [Tablet] › search-navigation-patterns-corrected.spec.ts:104:7 › Search Functionality After Navigation Patterns - Corrected › should search after navigating away and back 

    Error: page.goto: net::ERR_CONNECTION_REFUSED at http://localhost:4173/
    Call log:
      - navigating to "http://localhost:4173/", waiting until "load"


      106 |     
      107 |     // Start on home page
    > 108 |     await page.goto('/');
          |                ^
      109 |     await page.waitForLoadState('networkidle');
      110 |     
      111 |     // Perform initial search
        at /Users/homeserver/ai-creative-team/archi-site/tests/e2e/search-navigation-patterns-corrected.spec.ts:108:16

    attachment #1: screenshot (image/png) ──────────────────────────────────────────────────────────
    playwright-results/artifacts/search-navigation-patterns-36a95-er-navigating-away-and-back-Tablet/test-failed-1.png
    ────────────────────────────────────────────────────────────────────────────────────────────────

    attachment #2: video (video/webm) ──────────────────────────────────────────────────────────────
    playwright-results/artifacts/search-navigation-patterns-36a95-er-navigating-away-and-back-Tablet/video.webm
    ────────────────────────────────────────────────────────────────────────────────────────────────

    Error Context: ../../playwright-results/artifacts/search-navigation-patterns-36a95-er-navigating-away-and-back-Tablet/error-context.md

    Retry #1 ───────────────────────────────────────────────────────────────────────────────────────

    Error: page.goto: net::ERR_CONNECTION_REFUSED at http://localhost:4173/
    Call log:
      - navigating to "http://localhost:4173/", waiting until "load"


      106 |     
      107 |     // Start on home page
    > 108 |     await page.goto('/');
          |                ^
      109 |     await page.waitForLoadState('networkidle');
      110 |     
      111 |     // Perform initial search
        at /Users/homeserver/ai-creative-team/archi-site/tests/e2e/search-navigation-patterns-corrected.spec.ts:108:16

    attachment #1: screenshot (image/png) ──────────────────────────────────────────────────────────
    playwright-results/artifacts/search-navigation-patterns-36a95-er-navigating-away-and-back-Tablet-retry1/test-failed-1.png
    ────────────────────────────────────────────────────────────────────────────────────────────────

    attachment #2: video (video/webm) ──────────────────────────────────────────────────────────────
    playwright-results/artifacts/search-navigation-patterns-36a95-er-navigating-away-and-back-Tablet-retry1/video.webm
    ────────────────────────────────────────────────────────────────────────────────────────────────

    Error Context: ../../playwright-results/artifacts/search-navigation-patterns-36a95-er-navigating-away-and-back-Tablet-retry1/error-context.md

    attachment #4: trace (application/zip) ─────────────────────────────────────────────────────────
    playwright-results/artifacts/search-navigation-patterns-36a95-er-navigating-away-and-back-Tablet-retry1/trace.zip
    Usage:

        npx playwright show-trace playwright-results/artifacts/search-navigation-patterns-36a95-er-navigating-away-and-back-Tablet-retry1/trace.zip

    ────────────────────────────────────────────────────────────────────────────────────────────────
]]>
</failure>
<system-out>
<![CDATA[🔍 Testing search after navigating away and back...

[[ATTACHMENT|artifacts/search-navigation-patterns-36a95-er-navigating-away-and-back-Tablet/test-failed-1.png]]

[[ATTACHMENT|artifacts/search-navigation-patterns-36a95-er-navigating-away-and-back-Tablet/video.webm]]

[[ATTACHMENT|artifacts/search-navigation-patterns-36a95-er-navigating-away-and-back-Tablet/error-context.md]]
🔍 Testing search after navigating away and back...

[[ATTACHMENT|artifacts/search-navigation-patterns-36a95-er-navigating-away-and-back-Tablet-retry1/test-failed-1.png]]

[[ATTACHMENT|artifacts/search-navigation-patterns-36a95-er-navigating-away-and-back-Tablet-retry1/video.webm]]

[[ATTACHMENT|artifacts/search-navigation-patterns-36a95-er-navigating-away-and-back-Tablet-retry1/error-context.md]]

[[ATTACHMENT|artifacts/search-navigation-patterns-36a95-er-navigating-away-and-back-Tablet-retry1/trace.zip]]
]]>
</system-out>
</testcase>
<testcase name="Search Functionality After Navigation Patterns - Corrected › should search after browser refresh" classname="search-navigation-patterns-corrected.spec.ts" time="0.745">
<failure message="search-navigation-patterns-corrected.spec.ts:153:7 should search after browser refresh" type="FAILURE">
<![CDATA[  [Tablet] › search-navigation-patterns-corrected.spec.ts:153:7 › Search Functionality After Navigation Patterns - Corrected › should search after browser refresh 

    Error: page.goto: net::ERR_CONNECTION_REFUSED at http://localhost:4173/
    Call log:
      - navigating to "http://localhost:4173/", waiting until "load"


      154 |     console.log('🔍 Testing search after browser refresh...');
      155 |     
    > 156 |     await page.goto('/');
          |                ^
      157 |     await page.waitForLoadState('networkidle');
      158 |     
      159 |     // Perform initial search
        at /Users/homeserver/ai-creative-team/archi-site/tests/e2e/search-navigation-patterns-corrected.spec.ts:156:16

    attachment #1: screenshot (image/png) ──────────────────────────────────────────────────────────
    playwright-results/artifacts/search-navigation-patterns-f3445-earch-after-browser-refresh-Tablet/test-failed-1.png
    ────────────────────────────────────────────────────────────────────────────────────────────────

    attachment #2: video (video/webm) ──────────────────────────────────────────────────────────────
    playwright-results/artifacts/search-navigation-patterns-f3445-earch-after-browser-refresh-Tablet/video.webm
    ────────────────────────────────────────────────────────────────────────────────────────────────

    Error Context: ../../playwright-results/artifacts/search-navigation-patterns-f3445-earch-after-browser-refresh-Tablet/error-context.md

    Retry #1 ───────────────────────────────────────────────────────────────────────────────────────

    Error: page.goto: net::ERR_CONNECTION_REFUSED at http://localhost:4173/
    Call log:
      - navigating to "http://localhost:4173/", waiting until "load"


      154 |     console.log('🔍 Testing search after browser refresh...');
      155 |     
    > 156 |     await page.goto('/');
          |                ^
      157 |     await page.waitForLoadState('networkidle');
      158 |     
      159 |     // Perform initial search
        at /Users/homeserver/ai-creative-team/archi-site/tests/e2e/search-navigation-patterns-corrected.spec.ts:156:16

    attachment #1: screenshot (image/png) ──────────────────────────────────────────────────────────
    playwright-results/artifacts/search-navigation-patterns-f3445-earch-after-browser-refresh-Tablet-retry1/test-failed-1.png
    ────────────────────────────────────────────────────────────────────────────────────────────────

    attachment #2: video (video/webm) ──────────────────────────────────────────────────────────────
    playwright-results/artifacts/search-navigation-patterns-f3445-earch-after-browser-refresh-Tablet-retry1/video.webm
    ────────────────────────────────────────────────────────────────────────────────────────────────

    Error Context: ../../playwright-results/artifacts/search-navigation-patterns-f3445-earch-after-browser-refresh-Tablet-retry1/error-context.md

    attachment #4: trace (application/zip) ─────────────────────────────────────────────────────────
    playwright-results/artifacts/search-navigation-patterns-f3445-earch-after-browser-refresh-Tablet-retry1/trace.zip
    Usage:

        npx playwright show-trace playwright-results/artifacts/search-navigation-patterns-f3445-earch-after-browser-refresh-Tablet-retry1/trace.zip

    ────────────────────────────────────────────────────────────────────────────────────────────────
]]>
</failure>
<system-out>
<![CDATA[🔍 Testing search after browser refresh...

[[ATTACHMENT|artifacts/search-navigation-patterns-f3445-earch-after-browser-refresh-Tablet/test-failed-1.png]]

[[ATTACHMENT|artifacts/search-navigation-patterns-f3445-earch-after-browser-refresh-Tablet/video.webm]]

[[ATTACHMENT|artifacts/search-navigation-patterns-f3445-earch-after-browser-refresh-Tablet/error-context.md]]
🔍 Testing search after browser refresh...

[[ATTACHMENT|artifacts/search-navigation-patterns-f3445-earch-after-browser-refresh-Tablet-retry1/test-failed-1.png]]

[[ATTACHMENT|artifacts/search-navigation-patterns-f3445-earch-after-browser-refresh-Tablet-retry1/video.webm]]

[[ATTACHMENT|artifacts/search-navigation-patterns-f3445-earch-after-browser-refresh-Tablet-retry1/error-context.md]]

[[ATTACHMENT|artifacts/search-navigation-patterns-f3445-earch-after-browser-refresh-Tablet-retry1/trace.zip]]
]]>
</system-out>
</testcase>
<testcase name="Search Functionality After Navigation Patterns - Corrected › should search with different input methods" classname="search-navigation-patterns-corrected.spec.ts" time="0.726">
<failure message="search-navigation-patterns-corrected.spec.ts:198:7 should search with different input methods" type="FAILURE">
<![CDATA[  [Tablet] › search-navigation-patterns-corrected.spec.ts:198:7 › Search Functionality After Navigation Patterns - Corrected › should search with different input methods 

    Error: page.goto: net::ERR_CONNECTION_REFUSED at http://localhost:4173/
    Call log:
      - navigating to "http://localhost:4173/", waiting until "load"


      199 |     console.log('🔍 Testing search with different input methods...');
      200 |     
    > 201 |     await page.goto('/');
          |                ^
      202 |     await page.waitForLoadState('networkidle');
      203 |     
      204 |     const searchInput = page.locator('input').first();
        at /Users/homeserver/ai-creative-team/archi-site/tests/e2e/search-navigation-patterns-corrected.spec.ts:201:16

    attachment #1: screenshot (image/png) ──────────────────────────────────────────────────────────
    playwright-results/artifacts/search-navigation-patterns-4ba14-ith-different-input-methods-Tablet/test-failed-1.png
    ────────────────────────────────────────────────────────────────────────────────────────────────

    attachment #2: video (video/webm) ──────────────────────────────────────────────────────────────
    playwright-results/artifacts/search-navigation-patterns-4ba14-ith-different-input-methods-Tablet/video.webm
    ────────────────────────────────────────────────────────────────────────────────────────────────

    Error Context: ../../playwright-results/artifacts/search-navigation-patterns-4ba14-ith-different-input-methods-Tablet/error-context.md

    Retry #1 ───────────────────────────────────────────────────────────────────────────────────────

    Error: page.goto: net::ERR_CONNECTION_REFUSED at http://localhost:4173/
    Call log:
      - navigating to "http://localhost:4173/", waiting until "load"


      199 |     console.log('🔍 Testing search with different input methods...');
      200 |     
    > 201 |     await page.goto('/');
          |                ^
      202 |     await page.waitForLoadState('networkidle');
      203 |     
      204 |     const searchInput = page.locator('input').first();
        at /Users/homeserver/ai-creative-team/archi-site/tests/e2e/search-navigation-patterns-corrected.spec.ts:201:16

    attachment #1: screenshot (image/png) ──────────────────────────────────────────────────────────
    playwright-results/artifacts/search-navigation-patterns-4ba14-ith-different-input-methods-Tablet-retry1/test-failed-1.png
    ────────────────────────────────────────────────────────────────────────────────────────────────

    attachment #2: video (video/webm) ──────────────────────────────────────────────────────────────
    playwright-results/artifacts/search-navigation-patterns-4ba14-ith-different-input-methods-Tablet-retry1/video.webm
    ────────────────────────────────────────────────────────────────────────────────────────────────

    Error Context: ../../playwright-results/artifacts/search-navigation-patterns-4ba14-ith-different-input-methods-Tablet-retry1/error-context.md

    attachment #4: trace (application/zip) ─────────────────────────────────────────────────────────
    playwright-results/artifacts/search-navigation-patterns-4ba14-ith-different-input-methods-Tablet-retry1/trace.zip
    Usage:

        npx playwright show-trace playwright-results/artifacts/search-navigation-patterns-4ba14-ith-different-input-methods-Tablet-retry1/trace.zip

    ────────────────────────────────────────────────────────────────────────────────────────────────
]]>
</failure>
<system-out>
<![CDATA[🔍 Testing search with different input methods...

[[ATTACHMENT|artifacts/search-navigation-patterns-4ba14-ith-different-input-methods-Tablet/test-failed-1.png]]

[[ATTACHMENT|artifacts/search-navigation-patterns-4ba14-ith-different-input-methods-Tablet/video.webm]]

[[ATTACHMENT|artifacts/search-navigation-patterns-4ba14-ith-different-input-methods-Tablet/error-context.md]]
🔍 Testing search with different input methods...

[[ATTACHMENT|artifacts/search-navigation-patterns-4ba14-ith-different-input-methods-Tablet-retry1/test-failed-1.png]]

[[ATTACHMENT|artifacts/search-navigation-patterns-4ba14-ith-different-input-methods-Tablet-retry1/video.webm]]

[[ATTACHMENT|artifacts/search-navigation-patterns-4ba14-ith-different-input-methods-Tablet-retry1/error-context.md]]

[[ATTACHMENT|artifacts/search-navigation-patterns-4ba14-ith-different-input-methods-Tablet-retry1/trace.zip]]
]]>
</system-out>
</testcase>
<testcase name="Search Functionality After Navigation Patterns - Corrected › should handle rapid search operations" classname="search-navigation-patterns-corrected.spec.ts" time="0.632">
<failure message="search-navigation-patterns-corrected.spec.ts:232:7 should handle rapid search operations" type="FAILURE">
<![CDATA[  [Tablet] › search-navigation-patterns-corrected.spec.ts:232:7 › Search Functionality After Navigation Patterns - Corrected › should handle rapid search operations 

    Error: page.goto: net::ERR_CONNECTION_REFUSED at http://localhost:4173/
    Call log:
      - navigating to "http://localhost:4173/", waiting until "load"


      233 |     console.log('🔍 Testing rapid search operations...');
      234 |     
    > 235 |     await page.goto('/');
          |                ^
      236 |     await page.waitForLoadState('networkidle');
      237 |     
      238 |     const searchInput = page.locator('input').first();
        at /Users/homeserver/ai-creative-team/archi-site/tests/e2e/search-navigation-patterns-corrected.spec.ts:235:16

    attachment #1: screenshot (image/png) ──────────────────────────────────────────────────────────
    playwright-results/artifacts/search-navigation-patterns-8eee7-dle-rapid-search-operations-Tablet/test-failed-1.png
    ────────────────────────────────────────────────────────────────────────────────────────────────

    attachment #2: video (video/webm) ──────────────────────────────────────────────────────────────
    playwright-results/artifacts/search-navigation-patterns-8eee7-dle-rapid-search-operations-Tablet/video.webm
    ────────────────────────────────────────────────────────────────────────────────────────────────

    Error Context: ../../playwright-results/artifacts/search-navigation-patterns-8eee7-dle-rapid-search-operations-Tablet/error-context.md

    Retry #1 ───────────────────────────────────────────────────────────────────────────────────────

    Error: page.goto: net::ERR_CONNECTION_REFUSED at http://localhost:4173/
    Call log:
      - navigating to "http://localhost:4173/", waiting until "load"


      233 |     console.log('🔍 Testing rapid search operations...');
      234 |     
    > 235 |     await page.goto('/');
          |                ^
      236 |     await page.waitForLoadState('networkidle');
      237 |     
      238 |     const searchInput = page.locator('input').first();
        at /Users/homeserver/ai-creative-team/archi-site/tests/e2e/search-navigation-patterns-corrected.spec.ts:235:16

    attachment #1: screenshot (image/png) ──────────────────────────────────────────────────────────
    playwright-results/artifacts/search-navigation-patterns-8eee7-dle-rapid-search-operations-Tablet-retry1/test-failed-1.png
    ────────────────────────────────────────────────────────────────────────────────────────────────

    attachment #2: video (video/webm) ──────────────────────────────────────────────────────────────
    playwright-results/artifacts/search-navigation-patterns-8eee7-dle-rapid-search-operations-Tablet-retry1/video.webm
    ────────────────────────────────────────────────────────────────────────────────────────────────

    Error Context: ../../playwright-results/artifacts/search-navigation-patterns-8eee7-dle-rapid-search-operations-Tablet-retry1/error-context.md

    attachment #4: trace (application/zip) ─────────────────────────────────────────────────────────
    playwright-results/artifacts/search-navigation-patterns-8eee7-dle-rapid-search-operations-Tablet-retry1/trace.zip
    Usage:

        npx playwright show-trace playwright-results/artifacts/search-navigation-patterns-8eee7-dle-rapid-search-operations-Tablet-retry1/trace.zip

    ────────────────────────────────────────────────────────────────────────────────────────────────
]]>
</failure>
<system-out>
<![CDATA[🔍 Testing rapid search operations...

[[ATTACHMENT|artifacts/search-navigation-patterns-8eee7-dle-rapid-search-operations-Tablet/test-failed-1.png]]

[[ATTACHMENT|artifacts/search-navigation-patterns-8eee7-dle-rapid-search-operations-Tablet/video.webm]]

[[ATTACHMENT|artifacts/search-navigation-patterns-8eee7-dle-rapid-search-operations-Tablet/error-context.md]]
🔍 Testing rapid search operations...

[[ATTACHMENT|artifacts/search-navigation-patterns-8eee7-dle-rapid-search-operations-Tablet-retry1/test-failed-1.png]]

[[ATTACHMENT|artifacts/search-navigation-patterns-8eee7-dle-rapid-search-operations-Tablet-retry1/video.webm]]

[[ATTACHMENT|artifacts/search-navigation-patterns-8eee7-dle-rapid-search-operations-Tablet-retry1/error-context.md]]

[[ATTACHMENT|artifacts/search-navigation-patterns-8eee7-dle-rapid-search-operations-Tablet-retry1/trace.zip]]
]]>
</system-out>
</testcase>
<testcase name="Search Functionality After Navigation Patterns - Corrected › should document search failures and issues" classname="search-navigation-patterns-corrected.spec.ts" time="0.408">
<system-out>
<![CDATA[📝 Documenting search behavior and failures...
📊 Search Behavior and Failure Analysis Report:
{
  "timestamp": "2025-07-12T04:26:34.264Z",
  "testEnvironment": "Playwright E2E",
  "applicationUrl": "about:blank",
  "searchBehaviorAnalysis": {},
  "navigationIssues": [],
  "searchFailures": [
    {
      "test": "Overall test execution",
      "error": "page.goto: net::ERR_CONNECTION_REFUSED at http://localhost:4173/\nCall log:\n\u001b[2m  - navigating to \"http://localhost:4173/\", waiting until \"load\"\u001b[22m\n",
      "timestamp": "2025-07-12T04:26:34.285Z"
    }
  ],
  "recommendations": []
}
📄 Detailed report would be saved as search-behavior-report.md
]]>
</system-out>
</testcase>
</testsuite>
</testsuites>