<testsuites id="" name="" tests="1" failures="1" skipped="0" errors="0" time="94.376453">
<testsuite name="test-worker-debug.spec.ts" timestamp="2025-07-07T07:36:03.500Z" hostname="chromium" tests="1" failures="1" skipped="0" time="92.799" errors="0">
<testcase name="Worker Loading Debug Test â€º should debug worker loading issues" classname="test-worker-debug.spec.ts" time="92.799">
<failure message="test-worker-debug.spec.ts:4:7 should debug worker loading issues" type="FAILURE">
<![CDATA[  [chromium] â€º test-worker-debug.spec.ts:4:7 â€º Worker Loading Debug Test â€º should debug worker loading issues 

    Error: expect(received).toBeTruthy()

    Received: false

       98 |     console.log('ðŸ—ï¸ Database state:', dbState);
       99 |     
    > 100 |     expect.soft(hasDebugMessages).toBeTruthy();
          |                                   ^
      101 |   });
      102 | });
        at /Users/homeserver/ai-creative-team/archi-site/tests/e2e/test-worker-debug.spec.ts:100:35

    attachment #1: screenshot (image/png) â”€â”€â”€â”€â”€â”€â”€â”€â”€â”€â”€â”€â”€â”€â”€â”€â”€â”€â”€â”€â”€â”€â”€â”€â”€â”€â”€â”€â”€â”€â”€â”€â”€â”€â”€â”€â”€â”€â”€â”€â”€â”€â”€â”€â”€â”€â”€â”€â”€â”€â”€â”€â”€â”€â”€â”€â”€â”€
    playwright-results/artifacts/test-worker-debug-Worker-L-8da2c-debug-worker-loading-issues-chromium/test-failed-1.png
    â”€â”€â”€â”€â”€â”€â”€â”€â”€â”€â”€â”€â”€â”€â”€â”€â”€â”€â”€â”€â”€â”€â”€â”€â”€â”€â”€â”€â”€â”€â”€â”€â”€â”€â”€â”€â”€â”€â”€â”€â”€â”€â”€â”€â”€â”€â”€â”€â”€â”€â”€â”€â”€â”€â”€â”€â”€â”€â”€â”€â”€â”€â”€â”€â”€â”€â”€â”€â”€â”€â”€â”€â”€â”€â”€â”€â”€â”€â”€â”€â”€â”€â”€â”€â”€â”€â”€â”€â”€â”€â”€â”€â”€â”€â”€â”€

    attachment #2: video (video/webm) â”€â”€â”€â”€â”€â”€â”€â”€â”€â”€â”€â”€â”€â”€â”€â”€â”€â”€â”€â”€â”€â”€â”€â”€â”€â”€â”€â”€â”€â”€â”€â”€â”€â”€â”€â”€â”€â”€â”€â”€â”€â”€â”€â”€â”€â”€â”€â”€â”€â”€â”€â”€â”€â”€â”€â”€â”€â”€â”€â”€â”€â”€
    playwright-results/artifacts/test-worker-debug-Worker-L-8da2c-debug-worker-loading-issues-chromium/video.webm
    â”€â”€â”€â”€â”€â”€â”€â”€â”€â”€â”€â”€â”€â”€â”€â”€â”€â”€â”€â”€â”€â”€â”€â”€â”€â”€â”€â”€â”€â”€â”€â”€â”€â”€â”€â”€â”€â”€â”€â”€â”€â”€â”€â”€â”€â”€â”€â”€â”€â”€â”€â”€â”€â”€â”€â”€â”€â”€â”€â”€â”€â”€â”€â”€â”€â”€â”€â”€â”€â”€â”€â”€â”€â”€â”€â”€â”€â”€â”€â”€â”€â”€â”€â”€â”€â”€â”€â”€â”€â”€â”€â”€â”€â”€â”€â”€

    Error Context: ../../playwright-results/artifacts/test-worker-debug-Worker-L-8da2c-debug-worker-loading-issues-chromium/error-context.md

    Retry #1 â”€â”€â”€â”€â”€â”€â”€â”€â”€â”€â”€â”€â”€â”€â”€â”€â”€â”€â”€â”€â”€â”€â”€â”€â”€â”€â”€â”€â”€â”€â”€â”€â”€â”€â”€â”€â”€â”€â”€â”€â”€â”€â”€â”€â”€â”€â”€â”€â”€â”€â”€â”€â”€â”€â”€â”€â”€â”€â”€â”€â”€â”€â”€â”€â”€â”€â”€â”€â”€â”€â”€â”€â”€â”€â”€â”€â”€â”€â”€â”€â”€â”€â”€â”€â”€â”€â”€

    Error: expect(received).toBeTruthy()

    Received: false

       98 |     console.log('ðŸ—ï¸ Database state:', dbState);
       99 |     
    > 100 |     expect.soft(hasDebugMessages).toBeTruthy();
          |                                   ^
      101 |   });
      102 | });
        at /Users/homeserver/ai-creative-team/archi-site/tests/e2e/test-worker-debug.spec.ts:100:35

    attachment #1: screenshot (image/png) â”€â”€â”€â”€â”€â”€â”€â”€â”€â”€â”€â”€â”€â”€â”€â”€â”€â”€â”€â”€â”€â”€â”€â”€â”€â”€â”€â”€â”€â”€â”€â”€â”€â”€â”€â”€â”€â”€â”€â”€â”€â”€â”€â”€â”€â”€â”€â”€â”€â”€â”€â”€â”€â”€â”€â”€â”€â”€
    playwright-results/artifacts/test-worker-debug-Worker-L-8da2c-debug-worker-loading-issues-chromium-retry1/test-failed-1.png
    â”€â”€â”€â”€â”€â”€â”€â”€â”€â”€â”€â”€â”€â”€â”€â”€â”€â”€â”€â”€â”€â”€â”€â”€â”€â”€â”€â”€â”€â”€â”€â”€â”€â”€â”€â”€â”€â”€â”€â”€â”€â”€â”€â”€â”€â”€â”€â”€â”€â”€â”€â”€â”€â”€â”€â”€â”€â”€â”€â”€â”€â”€â”€â”€â”€â”€â”€â”€â”€â”€â”€â”€â”€â”€â”€â”€â”€â”€â”€â”€â”€â”€â”€â”€â”€â”€â”€â”€â”€â”€â”€â”€â”€â”€â”€â”€

    attachment #2: video (video/webm) â”€â”€â”€â”€â”€â”€â”€â”€â”€â”€â”€â”€â”€â”€â”€â”€â”€â”€â”€â”€â”€â”€â”€â”€â”€â”€â”€â”€â”€â”€â”€â”€â”€â”€â”€â”€â”€â”€â”€â”€â”€â”€â”€â”€â”€â”€â”€â”€â”€â”€â”€â”€â”€â”€â”€â”€â”€â”€â”€â”€â”€â”€
    playwright-results/artifacts/test-worker-debug-Worker-L-8da2c-debug-worker-loading-issues-chromium-retry1/video.webm
    â”€â”€â”€â”€â”€â”€â”€â”€â”€â”€â”€â”€â”€â”€â”€â”€â”€â”€â”€â”€â”€â”€â”€â”€â”€â”€â”€â”€â”€â”€â”€â”€â”€â”€â”€â”€â”€â”€â”€â”€â”€â”€â”€â”€â”€â”€â”€â”€â”€â”€â”€â”€â”€â”€â”€â”€â”€â”€â”€â”€â”€â”€â”€â”€â”€â”€â”€â”€â”€â”€â”€â”€â”€â”€â”€â”€â”€â”€â”€â”€â”€â”€â”€â”€â”€â”€â”€â”€â”€â”€â”€â”€â”€â”€â”€â”€

    Error Context: ../../playwright-results/artifacts/test-worker-debug-Worker-L-8da2c-debug-worker-loading-issues-chromium-retry1/error-context.md

    attachment #4: trace (application/zip) â”€â”€â”€â”€â”€â”€â”€â”€â”€â”€â”€â”€â”€â”€â”€â”€â”€â”€â”€â”€â”€â”€â”€â”€â”€â”€â”€â”€â”€â”€â”€â”€â”€â”€â”€â”€â”€â”€â”€â”€â”€â”€â”€â”€â”€â”€â”€â”€â”€â”€â”€â”€â”€â”€â”€â”€â”€
    playwright-results/artifacts/test-worker-debug-Worker-L-8da2c-debug-worker-loading-issues-chromium-retry1/trace.zip
    Usage:

        npx playwright show-trace playwright-results/artifacts/test-worker-debug-Worker-L-8da2c-debug-worker-loading-issues-chromium-retry1/trace.zip

    â”€â”€â”€â”€â”€â”€â”€â”€â”€â”€â”€â”€â”€â”€â”€â”€â”€â”€â”€â”€â”€â”€â”€â”€â”€â”€â”€â”€â”€â”€â”€â”€â”€â”€â”€â”€â”€â”€â”€â”€â”€â”€â”€â”€â”€â”€â”€â”€â”€â”€â”€â”€â”€â”€â”€â”€â”€â”€â”€â”€â”€â”€â”€â”€â”€â”€â”€â”€â”€â”€â”€â”€â”€â”€â”€â”€â”€â”€â”€â”€â”€â”€â”€â”€â”€â”€â”€â”€â”€â”€â”€â”€â”€â”€â”€â”€
]]>
</failure>
<system-out>
<![CDATA[ðŸ” Starting worker loading debug test...
[BROWSER]: React ã‚¢ãƒ—ãƒªã‚±ãƒ¼ã‚·ãƒ§ãƒ³ã‚’åˆæœŸåŒ–ä¸­... production
[BROWSER]: DOM root element: JSHandle@node
[BROWSER]: Using HashRouter for GitHub Pages compatibility
[BROWSER]: React ã‚¢ãƒ—ãƒªã‚±ãƒ¼ã‚·ãƒ§ãƒ³ã®ãƒ¬ãƒ³ãƒ€ãƒªãƒ³ã‚°ãŒæˆåŠŸã—ã¾ã—ãŸ
[BROWSER]: æœ€è¿‘ã®å»ºç¯‰ä½œå“ã‚’å–å¾—ä¸­...
[BROWSER]: App running in production mode
[BROWSER]: ã‚¢ãƒ—ãƒªã‚±ãƒ¼ã‚·ãƒ§ãƒ³ç’°å¢ƒ: æœ¬ç•ª
[BROWSER]: GitHub Pagesç’°å¢ƒ: ã¯ã„
[BROWSER]: ðŸš€ ãƒ‡ãƒ¼ã‚¿ãƒ™ãƒ¼ã‚¹åˆæœŸåŒ–ã‚’é–‹å§‹...
[BROWSER]: ðŸŒ Connection speed detected: fast
[BROWSER]: ðŸ“¦ SQL.js WASM ã‚’èª­ã¿è¾¼ã¿ä¸­...
[BROWSER]: ðŸ” ãƒ•ã‚¡ã‚¤ãƒ«è¦æ±‚: sql-wasm.wasm
[BROWSER]: ðŸ“ WASM URL: /archi-site/sql-wasm.wasm
[BROWSER]: ãƒ‡ãƒ¼ã‚¿ãƒ™ãƒ¼ã‚¹æƒ…å ±:
[BROWSER]: - ãƒ•ã‚¡ã‚¤ãƒ«: archimap.sqlite
[BROWSER]: - æ›´æ–°æ—¥æ™‚: 2025-07-07T06:48:27.235Z
[BROWSER]: - ã‚µã‚¤ã‚º: 12.14 MB
[BROWSER]: - ãƒãƒ£ãƒ³ã‚¯: 195 (64KB)ã®ãƒãƒ£ãƒ³ã‚¯
[BROWSER]: - ãƒ†ãƒ¼ãƒ–ãƒ«æ•°: 10
[BROWSER]: - ã‚¤ãƒ³ãƒ‡ãƒƒã‚¯ã‚¹æ•°: 13
[BROWSER]: Failed to load resource: the server responded with a status of 404 ()
ðŸ“„ Page loaded, waiting for database initialization...
ðŸ“ Captured 21 console messages:
  1. React ã‚¢ãƒ—ãƒªã‚±ãƒ¼ã‚·ãƒ§ãƒ³ã‚’åˆæœŸåŒ–ä¸­... production
  2. DOM root element: JSHandle@node
  3. Using HashRouter for GitHub Pages compatibility
  4. React ã‚¢ãƒ—ãƒªã‚±ãƒ¼ã‚·ãƒ§ãƒ³ã®ãƒ¬ãƒ³ãƒ€ãƒªãƒ³ã‚°ãŒæˆåŠŸã—ã¾ã—ãŸ
  5. æœ€è¿‘ã®å»ºç¯‰ä½œå“ã‚’å–å¾—ä¸­...
  6. App running in production mode
  7. ã‚¢ãƒ—ãƒªã‚±ãƒ¼ã‚·ãƒ§ãƒ³ç’°å¢ƒ: æœ¬ç•ª
  8. GitHub Pagesç’°å¢ƒ: ã¯ã„
  9. ðŸš€ ãƒ‡ãƒ¼ã‚¿ãƒ™ãƒ¼ã‚¹åˆæœŸåŒ–ã‚’é–‹å§‹...
  10. ðŸŒ Connection speed detected: fast
  11. ðŸ“¦ SQL.js WASM ã‚’èª­ã¿è¾¼ã¿ä¸­...
  12. ðŸ” ãƒ•ã‚¡ã‚¤ãƒ«è¦æ±‚: sql-wasm.wasm
  13. ðŸ“ WASM URL: /archi-site/sql-wasm.wasm
  14. ãƒ‡ãƒ¼ã‚¿ãƒ™ãƒ¼ã‚¹æƒ…å ±:
  15. - ãƒ•ã‚¡ã‚¤ãƒ«: archimap.sqlite
  16. - æ›´æ–°æ—¥æ™‚: 2025-07-07T06:48:27.235Z
  17. - ã‚µã‚¤ã‚º: 12.14 MB
  18. - ãƒãƒ£ãƒ³ã‚¯: 195 (64KB)ã®ãƒãƒ£ãƒ³ã‚¯
  19. - ãƒ†ãƒ¼ãƒ–ãƒ«æ•°: 10
  20. - ã‚¤ãƒ³ãƒ‡ãƒƒã‚¯ã‚¹æ•°: 13
  21. Failed to load resource: the server responded with a status of 404 ()
ðŸ”§ Has debug messages: false
âœ… Has worker success: false
ðŸ”„ Manually triggering database initialization...
[BROWSER]: ðŸ”„ Attempting manual database trigger...
[BROWSER]: React ã‚¢ãƒ—ãƒªã‚±ãƒ¼ã‚·ãƒ§ãƒ³ã‚’åˆæœŸåŒ–ä¸­... production
[BROWSER]: DOM root element: JSHandle@node
[BROWSER]: Using HashRouter for GitHub Pages compatibility
[BROWSER]: React ã‚¢ãƒ—ãƒªã‚±ãƒ¼ã‚·ãƒ§ãƒ³ã®ãƒ¬ãƒ³ãƒ€ãƒªãƒ³ã‚°ãŒæˆåŠŸã—ã¾ã—ãŸ
[BROWSER]: æœ€è¿‘ã®å»ºç¯‰ä½œå“ã‚’å–å¾—ä¸­...
[BROWSER]: App running in production mode
[BROWSER]: ã‚¢ãƒ—ãƒªã‚±ãƒ¼ã‚·ãƒ§ãƒ³ç’°å¢ƒ: æœ¬ç•ª
[BROWSER]: GitHub Pagesç’°å¢ƒ: ã¯ã„
[BROWSER]: ðŸš€ ãƒ‡ãƒ¼ã‚¿ãƒ™ãƒ¼ã‚¹åˆæœŸåŒ–ã‚’é–‹å§‹...
[BROWSER]: ãƒ‡ãƒ¼ã‚¿ãƒ™ãƒ¼ã‚¹æƒ…å ±:
[BROWSER]: - ãƒ•ã‚¡ã‚¤ãƒ«: archimap.sqlite
[BROWSER]: - æ›´æ–°æ—¥æ™‚: 2025-07-07T06:48:27.235Z
[BROWSER]: - ã‚µã‚¤ã‚º: 12.14 MB
[BROWSER]: - ãƒãƒ£ãƒ³ã‚¯: 195 (64KB)ã®ãƒãƒ£ãƒ³ã‚¯
[BROWSER]: - ãƒ†ãƒ¼ãƒ–ãƒ«æ•°: 10
[BROWSER]: - ã‚¤ãƒ³ãƒ‡ãƒƒã‚¯ã‚¹æ•°: 13
[BROWSER]: ðŸŒ Connection speed detected: fast
[BROWSER]: ðŸ“¦ SQL.js WASM ã‚’èª­ã¿è¾¼ã¿ä¸­...
[BROWSER]: ðŸ” ãƒ•ã‚¡ã‚¤ãƒ«è¦æ±‚: sql-wasm.wasm
[BROWSER]: ðŸ“ WASM URL: /archi-site/sql-wasm.wasm
ðŸ—ï¸ Database state: {
  hasLoadingText: [33mtrue[39m,
  hasErrorText: [33mfalse[39m,
  hasCompletedText: [33mfalse[39m,
  hasArchitectureData: [33mfalse[39m
}

[[ATTACHMENT|artifacts/test-worker-debug-Worker-L-8da2c-debug-worker-loading-issues-chromium/test-failed-1.png]]

[[ATTACHMENT|artifacts/test-worker-debug-Worker-L-8da2c-debug-worker-loading-issues-chromium/video.webm]]

[[ATTACHMENT|artifacts/test-worker-debug-Worker-L-8da2c-debug-worker-loading-issues-chromium/error-context.md]]
ðŸ” Starting worker loading debug test...
[BROWSER]: React ã‚¢ãƒ—ãƒªã‚±ãƒ¼ã‚·ãƒ§ãƒ³ã‚’åˆæœŸåŒ–ä¸­... production
[BROWSER]: DOM root element: JSHandle@node
[BROWSER]: Using HashRouter for GitHub Pages compatibility
[BROWSER]: React ã‚¢ãƒ—ãƒªã‚±ãƒ¼ã‚·ãƒ§ãƒ³ã®ãƒ¬ãƒ³ãƒ€ãƒªãƒ³ã‚°ãŒæˆåŠŸã—ã¾ã—ãŸ
[BROWSER]: æœ€è¿‘ã®å»ºç¯‰ä½œå“ã‚’å–å¾—ä¸­...
[BROWSER]: App running in production mode
[BROWSER]: ã‚¢ãƒ—ãƒªã‚±ãƒ¼ã‚·ãƒ§ãƒ³ç’°å¢ƒ: æœ¬ç•ª
[BROWSER]: GitHub Pagesç’°å¢ƒ: ã¯ã„
[BROWSER]: ðŸš€ ãƒ‡ãƒ¼ã‚¿ãƒ™ãƒ¼ã‚¹åˆæœŸåŒ–ã‚’é–‹å§‹...
[BROWSER]: ðŸŒ Connection speed detected: fast
[BROWSER]: ðŸ“¦ SQL.js WASM ã‚’èª­ã¿è¾¼ã¿ä¸­...
[BROWSER]: ðŸ” ãƒ•ã‚¡ã‚¤ãƒ«è¦æ±‚: sql-wasm.wasm
[BROWSER]: ðŸ“ WASM URL: /archi-site/sql-wasm.wasm
[BROWSER]: Failed to load resource: the server responded with a status of 404 ()
[BROWSER]: ãƒ‡ãƒ¼ã‚¿ãƒ™ãƒ¼ã‚¹æƒ…å ±:
[BROWSER]: - ãƒ•ã‚¡ã‚¤ãƒ«: archimap.sqlite
[BROWSER]: - æ›´æ–°æ—¥æ™‚: 2025-07-07T06:48:27.235Z
[BROWSER]: - ã‚µã‚¤ã‚º: 12.14 MB
[BROWSER]: - ãƒãƒ£ãƒ³ã‚¯: 195 (64KB)ã®ãƒãƒ£ãƒ³ã‚¯
[BROWSER]: - ãƒ†ãƒ¼ãƒ–ãƒ«æ•°: 10
[BROWSER]: - ã‚¤ãƒ³ãƒ‡ãƒƒã‚¯ã‚¹æ•°: 13
ðŸ“„ Page loaded, waiting for database initialization...
ðŸ“ Captured 21 console messages:
  1. React ã‚¢ãƒ—ãƒªã‚±ãƒ¼ã‚·ãƒ§ãƒ³ã‚’åˆæœŸåŒ–ä¸­... production
  2. DOM root element: JSHandle@node
  3. Using HashRouter for GitHub Pages compatibility
  4. React ã‚¢ãƒ—ãƒªã‚±ãƒ¼ã‚·ãƒ§ãƒ³ã®ãƒ¬ãƒ³ãƒ€ãƒªãƒ³ã‚°ãŒæˆåŠŸã—ã¾ã—ãŸ
  5. æœ€è¿‘ã®å»ºç¯‰ä½œå“ã‚’å–å¾—ä¸­...
  6. App running in production mode
  7. ã‚¢ãƒ—ãƒªã‚±ãƒ¼ã‚·ãƒ§ãƒ³ç’°å¢ƒ: æœ¬ç•ª
  8. GitHub Pagesç’°å¢ƒ: ã¯ã„
  9. ðŸš€ ãƒ‡ãƒ¼ã‚¿ãƒ™ãƒ¼ã‚¹åˆæœŸåŒ–ã‚’é–‹å§‹...
  10. ðŸŒ Connection speed detected: fast
  11. ðŸ“¦ SQL.js WASM ã‚’èª­ã¿è¾¼ã¿ä¸­...
  12. ðŸ” ãƒ•ã‚¡ã‚¤ãƒ«è¦æ±‚: sql-wasm.wasm
  13. ðŸ“ WASM URL: /archi-site/sql-wasm.wasm
  14. Failed to load resource: the server responded with a status of 404 ()
  15. ãƒ‡ãƒ¼ã‚¿ãƒ™ãƒ¼ã‚¹æƒ…å ±:
  16. - ãƒ•ã‚¡ã‚¤ãƒ«: archimap.sqlite
  17. - æ›´æ–°æ—¥æ™‚: 2025-07-07T06:48:27.235Z
  18. - ã‚µã‚¤ã‚º: 12.14 MB
  19. - ãƒãƒ£ãƒ³ã‚¯: 195 (64KB)ã®ãƒãƒ£ãƒ³ã‚¯
  20. - ãƒ†ãƒ¼ãƒ–ãƒ«æ•°: 10
  21. - ã‚¤ãƒ³ãƒ‡ãƒƒã‚¯ã‚¹æ•°: 13
ðŸ”§ Has debug messages: false
âœ… Has worker success: false
ðŸ”„ Manually triggering database initialization...
[BROWSER]: ðŸ”„ Attempting manual database trigger...
[BROWSER]: React ã‚¢ãƒ—ãƒªã‚±ãƒ¼ã‚·ãƒ§ãƒ³ã‚’åˆæœŸåŒ–ä¸­... production
[BROWSER]: DOM root element: JSHandle@node
[BROWSER]: Using HashRouter for GitHub Pages compatibility
[BROWSER]: React ã‚¢ãƒ—ãƒªã‚±ãƒ¼ã‚·ãƒ§ãƒ³ã®ãƒ¬ãƒ³ãƒ€ãƒªãƒ³ã‚°ãŒæˆåŠŸã—ã¾ã—ãŸ
[BROWSER]: æœ€è¿‘ã®å»ºç¯‰ä½œå“ã‚’å–å¾—ä¸­...
[BROWSER]: App running in production mode
[BROWSER]: ã‚¢ãƒ—ãƒªã‚±ãƒ¼ã‚·ãƒ§ãƒ³ç’°å¢ƒ: æœ¬ç•ª
[BROWSER]: GitHub Pagesç’°å¢ƒ: ã¯ã„
[BROWSER]: ðŸš€ ãƒ‡ãƒ¼ã‚¿ãƒ™ãƒ¼ã‚¹åˆæœŸåŒ–ã‚’é–‹å§‹...
[BROWSER]: ðŸŒ Connection speed detected: fast
[BROWSER]: ðŸ“¦ SQL.js WASM ã‚’èª­ã¿è¾¼ã¿ä¸­...
[BROWSER]: ðŸ” ãƒ•ã‚¡ã‚¤ãƒ«è¦æ±‚: sql-wasm.wasm
[BROWSER]: ðŸ“ WASM URL: /archi-site/sql-wasm.wasm
[BROWSER]: ãƒ‡ãƒ¼ã‚¿ãƒ™ãƒ¼ã‚¹æƒ…å ±:
[BROWSER]: - ãƒ•ã‚¡ã‚¤ãƒ«: archimap.sqlite
[BROWSER]: - æ›´æ–°æ—¥æ™‚: 2025-07-07T06:48:27.235Z
[BROWSER]: - ã‚µã‚¤ã‚º: 12.14 MB
[BROWSER]: - ãƒãƒ£ãƒ³ã‚¯: 195 (64KB)ã®ãƒãƒ£ãƒ³ã‚¯
[BROWSER]: - ãƒ†ãƒ¼ãƒ–ãƒ«æ•°: 10
[BROWSER]: - ã‚¤ãƒ³ãƒ‡ãƒƒã‚¯ã‚¹æ•°: 13
ðŸ—ï¸ Database state: {
  hasLoadingText: [33mtrue[39m,
  hasErrorText: [33mfalse[39m,
  hasCompletedText: [33mfalse[39m,
  hasArchitectureData: [33mfalse[39m
}

[[ATTACHMENT|artifacts/test-worker-debug-Worker-L-8da2c-debug-worker-loading-issues-chromium-retry1/test-failed-1.png]]

[[ATTACHMENT|artifacts/test-worker-debug-Worker-L-8da2c-debug-worker-loading-issues-chromium-retry1/video.webm]]

[[ATTACHMENT|artifacts/test-worker-debug-Worker-L-8da2c-debug-worker-loading-issues-chromium-retry1/error-context.md]]

[[ATTACHMENT|artifacts/test-worker-debug-Worker-L-8da2c-debug-worker-loading-issues-chromium-retry1/trace.zip]]
]]>
</system-out>
<system-err>
<![CDATA[[PAGE ERROR]: C is not a function
[PAGE ERROR]: C is not a function
[PAGE ERROR]: C is not a function
[PAGE ERROR]: C is not a function
]]>
</system-err>
</testcase>
</testsuite>
</testsuites>