<testsuites id="" name="" tests="1" failures="1" skipped="0" errors="0" time="108.282596">
<testsuite name="01-homepage-journey.spec.ts" timestamp="2025-07-07T06:27:16.666Z" hostname="Desktop Chrome" tests="1" failures="1" skipped="0" time="102.135" errors="0">
<testcase name="Homepage User Journey › should load homepage successfully" classname="01-homepage-journey.spec.ts" time="102.135">
<failure message="01-homepage-journey.spec.ts:17:7 should load homepage successfully" type="FAILURE">
<![CDATA[  [Desktop Chrome] › 01-homepage-journey.spec.ts:17:7 › Homepage User Journey › should load homepage successfully 

    Error: Timed out 30000ms waiting for expect(page).toHaveTitle(expected)

    Locator: locator(':root')
    Expected pattern: /建築|アーキテクチャ|Architecture/
    Received string:  "Site not found · GitHub Pages"
    Call log:
      - Expect "toHaveTitle" with timeout 30000ms
      - waiting for locator(':root')
        34 × locator resolved to <html>…</html>
           - unexpected value "Site not found · GitHub Pages"


      17 |   test('should load homepage successfully', async ({ page }) => {
      18 |     // Verify page title
    > 19 |     await expect(page).toHaveTitle(/建築|アーキテクチャ|Architecture/);
         |                        ^
      20 |     
      21 |     // Verify main navigation elements
      22 |     const nav = page.locator(selectors.navigation);
        at /Users/homeserver/ai-creative-team/archi-site/tests/e2e/production/01-homepage-journey.spec.ts:19:24

    attachment #1: screenshot (image/png) ──────────────────────────────────────────────────────────
    playwright-results/production-artifacts/01-homepage-journey-Homepa-34f4d--load-homepage-successfully-Desktop-Chrome/test-failed-1.png
    ────────────────────────────────────────────────────────────────────────────────────────────────

    attachment #2: video (video/webm) ──────────────────────────────────────────────────────────────
    playwright-results/production-artifacts/01-homepage-journey-Homepa-34f4d--load-homepage-successfully-Desktop-Chrome/video.webm
    ────────────────────────────────────────────────────────────────────────────────────────────────

    Error Context: ../../../playwright-results/production-artifacts/01-homepage-journey-Homepa-34f4d--load-homepage-successfully-Desktop-Chrome/error-context.md

    Retry #1 ───────────────────────────────────────────────────────────────────────────────────────

    Error: Timed out 30000ms waiting for expect(page).toHaveTitle(expected)

    Locator: locator(':root')
    Expected pattern: /建築|アーキテクチャ|Architecture/
    Received string:  "Site not found · GitHub Pages"
    Call log:
      - Expect "toHaveTitle" with timeout 30000ms
      - waiting for locator(':root')
        34 × locator resolved to <html>…</html>
           - unexpected value "Site not found · GitHub Pages"


      17 |   test('should load homepage successfully', async ({ page }) => {
      18 |     // Verify page title
    > 19 |     await expect(page).toHaveTitle(/建築|アーキテクチャ|Architecture/);
         |                        ^
      20 |     
      21 |     // Verify main navigation elements
      22 |     const nav = page.locator(selectors.navigation);
        at /Users/homeserver/ai-creative-team/archi-site/tests/e2e/production/01-homepage-journey.spec.ts:19:24

    attachment #1: screenshot (image/png) ──────────────────────────────────────────────────────────
    playwright-results/production-artifacts/01-homepage-journey-Homepa-34f4d--load-homepage-successfully-Desktop-Chrome-retry1/test-failed-1.png
    ────────────────────────────────────────────────────────────────────────────────────────────────

    attachment #2: video (video/webm) ──────────────────────────────────────────────────────────────
    playwright-results/production-artifacts/01-homepage-journey-Homepa-34f4d--load-homepage-successfully-Desktop-Chrome-retry1/video.webm
    ────────────────────────────────────────────────────────────────────────────────────────────────

    Error Context: ../../../playwright-results/production-artifacts/01-homepage-journey-Homepa-34f4d--load-homepage-successfully-Desktop-Chrome-retry1/error-context.md

    attachment #4: trace (application/zip) ─────────────────────────────────────────────────────────
    playwright-results/production-artifacts/01-homepage-journey-Homepa-34f4d--load-homepage-successfully-Desktop-Chrome-retry1/trace.zip
    Usage:

        npx playwright show-trace playwright-results/production-artifacts/01-homepage-journey-Homepa-34f4d--load-homepage-successfully-Desktop-Chrome-retry1/trace.zip

    ────────────────────────────────────────────────────────────────────────────────────────────────

    Retry #2 ───────────────────────────────────────────────────────────────────────────────────────

    Error: Timed out 30000ms waiting for expect(page).toHaveTitle(expected)

    Locator: locator(':root')
    Expected pattern: /建築|アーキテクチャ|Architecture/
    Received string:  "Site not found · GitHub Pages"
    Call log:
      - Expect "toHaveTitle" with timeout 30000ms
      - waiting for locator(':root')
        34 × locator resolved to <html>…</html>
           - unexpected value "Site not found · GitHub Pages"


      17 |   test('should load homepage successfully', async ({ page }) => {
      18 |     // Verify page title
    > 19 |     await expect(page).toHaveTitle(/建築|アーキテクチャ|Architecture/);
         |                        ^
      20 |     
      21 |     // Verify main navigation elements
      22 |     const nav = page.locator(selectors.navigation);
        at /Users/homeserver/ai-creative-team/archi-site/tests/e2e/production/01-homepage-journey.spec.ts:19:24

    attachment #1: screenshot (image/png) ──────────────────────────────────────────────────────────
    playwright-results/production-artifacts/01-homepage-journey-Homepa-34f4d--load-homepage-successfully-Desktop-Chrome-retry2/test-failed-1.png
    ────────────────────────────────────────────────────────────────────────────────────────────────

    attachment #2: video (video/webm) ──────────────────────────────────────────────────────────────
    playwright-results/production-artifacts/01-homepage-journey-Homepa-34f4d--load-homepage-successfully-Desktop-Chrome-retry2/video.webm
    ────────────────────────────────────────────────────────────────────────────────────────────────

    Error Context: ../../../playwright-results/production-artifacts/01-homepage-journey-Homepa-34f4d--load-homepage-successfully-Desktop-Chrome-retry2/error-context.md
]]>
</failure>
<system-out>
<![CDATA[📊 Database-dependent page detected, waiting for database loading...

[[ATTACHMENT|production-artifacts/01-homepage-journey-Homepa-34f4d--load-homepage-successfully-Desktop-Chrome/test-failed-1.png]]

[[ATTACHMENT|production-artifacts/01-homepage-journey-Homepa-34f4d--load-homepage-successfully-Desktop-Chrome/video.webm]]

[[ATTACHMENT|production-artifacts/01-homepage-journey-Homepa-34f4d--load-homepage-successfully-Desktop-Chrome/error-context.md]]
📊 Database-dependent page detected, waiting for database loading...

[[ATTACHMENT|production-artifacts/01-homepage-journey-Homepa-34f4d--load-homepage-successfully-Desktop-Chrome-retry1/test-failed-1.png]]

[[ATTACHMENT|production-artifacts/01-homepage-journey-Homepa-34f4d--load-homepage-successfully-Desktop-Chrome-retry1/video.webm]]

[[ATTACHMENT|production-artifacts/01-homepage-journey-Homepa-34f4d--load-homepage-successfully-Desktop-Chrome-retry1/error-context.md]]

[[ATTACHMENT|production-artifacts/01-homepage-journey-Homepa-34f4d--load-homepage-successfully-Desktop-Chrome-retry1/trace.zip]]
📊 Database-dependent page detected, waiting for database loading...

[[ATTACHMENT|production-artifacts/01-homepage-journey-Homepa-34f4d--load-homepage-successfully-Desktop-Chrome-retry2/test-failed-1.png]]

[[ATTACHMENT|production-artifacts/01-homepage-journey-Homepa-34f4d--load-homepage-successfully-Desktop-Chrome-retry2/video.webm]]

[[ATTACHMENT|production-artifacts/01-homepage-journey-Homepa-34f4d--load-homepage-successfully-Desktop-Chrome-retry2/error-context.md]]
]]>
</system-out>
<system-err>
<![CDATA[⚠️ Page ready timeout - continuing with test (this may be expected for slow database loading)
⚠️ Page ready timeout - continuing with test (this may be expected for slow database loading)
⚠️ Page ready timeout - continuing with test (this may be expected for slow database loading)
]]>
</system-err>
</testcase>
</testsuite>
</testsuites>